<?xml version="1.0"?>
<!DOCTYPE coverage SYSTEM "http://cobertura.sourceforge.net/xml/coverage-04.dtd">

<coverage line-rate="0.6796875" branch-rate="0.6041666666666666" lines-covered="174" lines-valid="256" branches-covered="29" branches-valid="48" complexity="2.1515151515151514" version="1.9.4.1" timestamp="1600622827421">
	<sources>
		<source>/home/yovany/workGit/practica2_G11/mavenproject1/src/main/java</source>
		<source>--source</source>
	</sources>
	<packages>
		<package name="com.mycompany.mavenproject1" line-rate="0.6796875" branch-rate="0.6041666666666666" complexity="2.1515151515151514">
			<classes>
				<class name="com.mycompany.mavenproject1.InterfazCurso" filename="com/mycompany/mavenproject1/InterfazCurso.java" line-rate="0.7333333333333333" branch-rate="0.0" complexity="1.5">
					<methods>
						<method name="&lt;init&gt;" signature="()V" line-rate="1.0" branch-rate="1.0">
							<lines>
								<line number="19" hits="9" branch="false"/>
								<line number="20" hits="9" branch="false"/>
								<line number="21" hits="9" branch="false"/>
								<line number="22" hits="9" branch="false"/>
								<line number="25" hits="9" branch="false"/>
							</lines>
						</method>
						<method name="access$000" signature="(Lcom/mycompany/mavenproject1/InterfazCurso;Ljava/awt/event/ActionEvent;)V" line-rate="1.0" branch-rate="1.0">
							<lines>
							</lines>
						</method>
						<method name="access$100" signature="(Lcom/mycompany/mavenproject1/InterfazCurso;Ljava/awt/event/ActionEvent;)V" line-rate="1.0" branch-rate="1.0">
							<lines>
							</lines>
						</method>
						<method name="access$200" signature="(Lcom/mycompany/mavenproject1/InterfazCurso;Ljava/awt/event/ActionEvent;)V" line-rate="1.0" branch-rate="1.0">
							<lines>
							</lines>
						</method>
						<method name="access$300" signature="(Lcom/mycompany/mavenproject1/InterfazCurso;Ljava/awt/event/ActionEvent;)V" line-rate="0.0" branch-rate="1.0">
							<lines>
								<line number="14" hits="0" branch="false"/>
							</lines>
						</method>
						<method name="initComponents" signature="()V" line-rate="1.0" branch-rate="1.0">
							<lines>
								<line number="36" hits="9" branch="false"/>
								<line number="37" hits="9" branch="false"/>
								<line number="38" hits="9" branch="false"/>
								<line number="39" hits="9" branch="false"/>
								<line number="40" hits="9" branch="false"/>
								<line number="41" hits="9" branch="false"/>
								<line number="42" hits="9" branch="false"/>
								<line number="43" hits="9" branch="false"/>
								<line number="44" hits="9" branch="false"/>
								<line number="45" hits="9" branch="false"/>
								<line number="47" hits="9" branch="false"/>
								<line number="49" hits="9" branch="false"/>
								<line number="51" hits="9" branch="false"/>
								<line number="53" hits="9" branch="false"/>
								<line number="55" hits="9" branch="false"/>
								<line number="56" hits="9" branch="false"/>
								<line number="62" hits="9" branch="false"/>
								<line number="63" hits="9" branch="false"/>
								<line number="69" hits="9" branch="false"/>
								<line number="70" hits="9" branch="false"/>
								<line number="76" hits="9" branch="false"/>
								<line number="77" hits="9" branch="false"/>
								<line number="83" hits="9" branch="false"/>
								<line number="84" hits="9" branch="false"/>
								<line number="85" hits="9" branch="false"/>
								<line number="87" hits="9" branch="false"/>
								<line number="89" hits="9" branch="false"/>
								<line number="90" hits="9" branch="false"/>
								<line number="91" hits="18" branch="false"/>
								<line number="92" hits="9" branch="false"/>
								<line number="93" hits="18" branch="false"/>
								<line number="94" hits="9" branch="false"/>
								<line number="95" hits="18" branch="false"/>
								<line number="96" hits="18" branch="false"/>
								<line number="97" hits="9" branch="false"/>
								<line number="98" hits="9" branch="false"/>
								<line number="99" hits="9" branch="false"/>
								<line number="100" hits="9" branch="false"/>
								<line number="101" hits="9" branch="false"/>
								<line number="102" hits="9" branch="false"/>
								<line number="103" hits="9" branch="false"/>
								<line number="104" hits="18" branch="false"/>
								<line number="105" hits="18" branch="false"/>
								<line number="106" hits="18" branch="false"/>
								<line number="107" hits="9" branch="false"/>
								<line number="108" hits="9" branch="false"/>
								<line number="109" hits="9" branch="false"/>
								<line number="110" hits="9" branch="false"/>
								<line number="111" hits="9" branch="false"/>
								<line number="112" hits="9" branch="false"/>
								<line number="113" hits="9" branch="false"/>
								<line number="115" hits="18" branch="false"/>
								<line number="116" hits="9" branch="false"/>
								<line number="117" hits="18" branch="false"/>
								<line number="118" hits="9" branch="false"/>
								<line number="119" hits="18" branch="false"/>
								<line number="120" hits="9" branch="false"/>
								<line number="121" hits="9" branch="false"/>
								<line number="122" hits="9" branch="false"/>
								<line number="123" hits="9" branch="false"/>
								<line number="124" hits="9" branch="false"/>
								<line number="125" hits="9" branch="false"/>
								<line number="126" hits="9" branch="false"/>
								<line number="127" hits="18" branch="false"/>
								<line number="128" hits="9" branch="false"/>
								<line number="129" hits="9" branch="false"/>
								<line number="130" hits="9" branch="false"/>
								<line number="131" hits="9" branch="false"/>
								<line number="132" hits="9" branch="false"/>
								<line number="133" hits="9" branch="false"/>
								<line number="136" hits="9" branch="false"/>
								<line number="137" hits="9" branch="false"/>
							</lines>
						</method>
						<method name="jButton1ActionPerformed" signature="(Ljava/awt/event/ActionEvent;)V" line-rate="0.0" branch-rate="1.0">
							<lines>
								<line number="140" hits="0" branch="false"/>
								<line number="141" hits="0" branch="false"/>
								<line number="142" hits="0" branch="false"/>
							</lines>
						</method>
						<method name="jButton2ActionPerformed" signature="(Ljava/awt/event/ActionEvent;)V" line-rate="0.0" branch-rate="1.0">
							<lines>
								<line number="150" hits="0" branch="false"/>
								<line number="151" hits="0" branch="false"/>
								<line number="152" hits="0" branch="false"/>
							</lines>
						</method>
						<method name="jButton3ActionPerformed" signature="(Ljava/awt/event/ActionEvent;)V" line-rate="0.0" branch-rate="1.0">
							<lines>
								<line number="145" hits="0" branch="false"/>
								<line number="146" hits="0" branch="false"/>
								<line number="147" hits="0" branch="false"/>
							</lines>
						</method>
						<method name="jButton4ActionPerformed" signature="(Ljava/awt/event/ActionEvent;)V" line-rate="0.0" branch-rate="1.0">
							<lines>
								<line number="155" hits="0" branch="false"/>
								<line number="156" hits="0" branch="false"/>
								<line number="157" hits="0" branch="false"/>
							</lines>
						</method>
						<method name="main" signature="([Ljava/lang/String;)V" line-rate="0.0" branch-rate="0.0">
							<lines>
								<line number="169" hits="0" branch="true" condition-coverage="0 % (0/2)">
									<conditions>
										<condition number="0" type="jump" coverage="0 %"/>
									</conditions>
								</line>
								<line number="170" hits="0" branch="true" condition-coverage="0 % (0/2)">
									<conditions>
										<condition number="0" type="jump" coverage="0 %"/>
									</conditions>
								</line>
								<line number="171" hits="0" branch="false"/>
								<line number="172" hits="0" branch="false"/>
								<line number="175" hits="0" branch="false"/>
								<line number="176" hits="0" branch="false"/>
								<line number="177" hits="0" branch="false"/>
								<line number="178" hits="0" branch="false"/>
								<line number="179" hits="0" branch="false"/>
								<line number="180" hits="0" branch="false"/>
								<line number="181" hits="0" branch="false"/>
								<line number="182" hits="0" branch="false"/>
								<line number="183" hits="0" branch="false"/>
								<line number="187" hits="0" branch="false"/>
								<line number="192" hits="0" branch="false"/>
							</lines>
						</method>
					</methods>
					<lines>
						<line number="14" hits="0" branch="false"/>
						<line number="19" hits="9" branch="false"/>
						<line number="20" hits="9" branch="false"/>
						<line number="21" hits="9" branch="false"/>
						<line number="22" hits="9" branch="false"/>
						<line number="25" hits="9" branch="false"/>
						<line number="36" hits="9" branch="false"/>
						<line number="37" hits="9" branch="false"/>
						<line number="38" hits="9" branch="false"/>
						<line number="39" hits="9" branch="false"/>
						<line number="40" hits="9" branch="false"/>
						<line number="41" hits="9" branch="false"/>
						<line number="42" hits="9" branch="false"/>
						<line number="43" hits="9" branch="false"/>
						<line number="44" hits="9" branch="false"/>
						<line number="45" hits="9" branch="false"/>
						<line number="47" hits="9" branch="false"/>
						<line number="49" hits="9" branch="false"/>
						<line number="51" hits="9" branch="false"/>
						<line number="53" hits="9" branch="false"/>
						<line number="55" hits="9" branch="false"/>
						<line number="56" hits="9" branch="false"/>
						<line number="62" hits="9" branch="false"/>
						<line number="63" hits="9" branch="false"/>
						<line number="69" hits="9" branch="false"/>
						<line number="70" hits="9" branch="false"/>
						<line number="76" hits="9" branch="false"/>
						<line number="77" hits="9" branch="false"/>
						<line number="83" hits="9" branch="false"/>
						<line number="84" hits="9" branch="false"/>
						<line number="85" hits="9" branch="false"/>
						<line number="87" hits="9" branch="false"/>
						<line number="89" hits="9" branch="false"/>
						<line number="90" hits="9" branch="false"/>
						<line number="91" hits="18" branch="false"/>
						<line number="92" hits="9" branch="false"/>
						<line number="93" hits="18" branch="false"/>
						<line number="94" hits="9" branch="false"/>
						<line number="95" hits="18" branch="false"/>
						<line number="96" hits="18" branch="false"/>
						<line number="97" hits="9" branch="false"/>
						<line number="98" hits="9" branch="false"/>
						<line number="99" hits="9" branch="false"/>
						<line number="100" hits="9" branch="false"/>
						<line number="101" hits="9" branch="false"/>
						<line number="102" hits="9" branch="false"/>
						<line number="103" hits="9" branch="false"/>
						<line number="104" hits="18" branch="false"/>
						<line number="105" hits="18" branch="false"/>
						<line number="106" hits="18" branch="false"/>
						<line number="107" hits="9" branch="false"/>
						<line number="108" hits="9" branch="false"/>
						<line number="109" hits="9" branch="false"/>
						<line number="110" hits="9" branch="false"/>
						<line number="111" hits="9" branch="false"/>
						<line number="112" hits="9" branch="false"/>
						<line number="113" hits="9" branch="false"/>
						<line number="115" hits="18" branch="false"/>
						<line number="116" hits="9" branch="false"/>
						<line number="117" hits="18" branch="false"/>
						<line number="118" hits="9" branch="false"/>
						<line number="119" hits="18" branch="false"/>
						<line number="120" hits="9" branch="false"/>
						<line number="121" hits="9" branch="false"/>
						<line number="122" hits="9" branch="false"/>
						<line number="123" hits="9" branch="false"/>
						<line number="124" hits="9" branch="false"/>
						<line number="125" hits="9" branch="false"/>
						<line number="126" hits="9" branch="false"/>
						<line number="127" hits="18" branch="false"/>
						<line number="128" hits="9" branch="false"/>
						<line number="129" hits="9" branch="false"/>
						<line number="130" hits="9" branch="false"/>
						<line number="131" hits="9" branch="false"/>
						<line number="132" hits="9" branch="false"/>
						<line number="133" hits="9" branch="false"/>
						<line number="136" hits="9" branch="false"/>
						<line number="137" hits="9" branch="false"/>
						<line number="140" hits="0" branch="false"/>
						<line number="141" hits="0" branch="false"/>
						<line number="142" hits="0" branch="false"/>
						<line number="145" hits="0" branch="false"/>
						<line number="146" hits="0" branch="false"/>
						<line number="147" hits="0" branch="false"/>
						<line number="150" hits="0" branch="false"/>
						<line number="151" hits="0" branch="false"/>
						<line number="152" hits="0" branch="false"/>
						<line number="155" hits="0" branch="false"/>
						<line number="156" hits="0" branch="false"/>
						<line number="157" hits="0" branch="false"/>
						<line number="169" hits="0" branch="true" condition-coverage="0 % (0/2)">
							<conditions>
								<condition number="0" type="jump" coverage="0 %"/>
							</conditions>
						</line>
						<line number="170" hits="0" branch="true" condition-coverage="0 % (0/2)">
							<conditions>
								<condition number="0" type="jump" coverage="0 %"/>
							</conditions>
						</line>
						<line number="171" hits="0" branch="false"/>
						<line number="172" hits="0" branch="false"/>
						<line number="175" hits="0" branch="false"/>
						<line number="176" hits="0" branch="false"/>
						<line number="177" hits="0" branch="false"/>
						<line number="178" hits="0" branch="false"/>
						<line number="179" hits="0" branch="false"/>
						<line number="180" hits="0" branch="false"/>
						<line number="181" hits="0" branch="false"/>
						<line number="182" hits="0" branch="false"/>
						<line number="183" hits="0" branch="false"/>
						<line number="187" hits="0" branch="false"/>
						<line number="192" hits="0" branch="false"/>
					</lines>
				</class>
				<class name="com.mycompany.mavenproject1.InterfazCurso$1" filename="com/mycompany/mavenproject1/InterfazCurso.java" line-rate="0.3333333333333333" branch-rate="1.0" complexity="1.5">
					<methods>
						<method name="&lt;init&gt;" signature="(Lcom/mycompany/mavenproject1/InterfazCurso;)V" line-rate="1.0" branch-rate="1.0">
							<lines>
								<line number="56" hits="9" branch="false"/>
							</lines>
						</method>
						<method name="actionPerformed" signature="(Ljava/awt/event/ActionEvent;)V" line-rate="0.0" branch-rate="1.0">
							<lines>
								<line number="58" hits="0" branch="false"/>
								<line number="59" hits="0" branch="false"/>
							</lines>
						</method>
					</methods>
					<lines>
						<line number="56" hits="9" branch="false"/>
						<line number="58" hits="0" branch="false"/>
						<line number="59" hits="0" branch="false"/>
					</lines>
				</class>
				<class name="com.mycompany.mavenproject1.InterfazCurso$2" filename="com/mycompany/mavenproject1/InterfazCurso.java" line-rate="0.3333333333333333" branch-rate="1.0" complexity="1.5">
					<methods>
						<method name="&lt;init&gt;" signature="(Lcom/mycompany/mavenproject1/InterfazCurso;)V" line-rate="1.0" branch-rate="1.0">
							<lines>
								<line number="63" hits="9" branch="false"/>
							</lines>
						</method>
						<method name="actionPerformed" signature="(Ljava/awt/event/ActionEvent;)V" line-rate="0.0" branch-rate="1.0">
							<lines>
								<line number="65" hits="0" branch="false"/>
								<line number="66" hits="0" branch="false"/>
							</lines>
						</method>
					</methods>
					<lines>
						<line number="63" hits="9" branch="false"/>
						<line number="65" hits="0" branch="false"/>
						<line number="66" hits="0" branch="false"/>
					</lines>
				</class>
				<class name="com.mycompany.mavenproject1.InterfazCurso$3" filename="com/mycompany/mavenproject1/InterfazCurso.java" line-rate="0.3333333333333333" branch-rate="1.0" complexity="1.5">
					<methods>
						<method name="&lt;init&gt;" signature="(Lcom/mycompany/mavenproject1/InterfazCurso;)V" line-rate="1.0" branch-rate="1.0">
							<lines>
								<line number="70" hits="9" branch="false"/>
							</lines>
						</method>
						<method name="actionPerformed" signature="(Ljava/awt/event/ActionEvent;)V" line-rate="0.0" branch-rate="1.0">
							<lines>
								<line number="72" hits="0" branch="false"/>
								<line number="73" hits="0" branch="false"/>
							</lines>
						</method>
					</methods>
					<lines>
						<line number="70" hits="9" branch="false"/>
						<line number="72" hits="0" branch="false"/>
						<line number="73" hits="0" branch="false"/>
					</lines>
				</class>
				<class name="com.mycompany.mavenproject1.InterfazCurso$4" filename="com/mycompany/mavenproject1/InterfazCurso.java" line-rate="0.3333333333333333" branch-rate="1.0" complexity="1.5">
					<methods>
						<method name="&lt;init&gt;" signature="(Lcom/mycompany/mavenproject1/InterfazCurso;)V" line-rate="1.0" branch-rate="1.0">
							<lines>
								<line number="77" hits="9" branch="false"/>
							</lines>
						</method>
						<method name="actionPerformed" signature="(Ljava/awt/event/ActionEvent;)V" line-rate="0.0" branch-rate="1.0">
							<lines>
								<line number="79" hits="0" branch="false"/>
								<line number="80" hits="0" branch="false"/>
							</lines>
						</method>
					</methods>
					<lines>
						<line number="77" hits="9" branch="false"/>
						<line number="79" hits="0" branch="false"/>
						<line number="80" hits="0" branch="false"/>
					</lines>
				</class>
				<class name="com.mycompany.mavenproject1.InterfazCurso$5" filename="com/mycompany/mavenproject1/InterfazCurso.java" line-rate="0.0" branch-rate="1.0" complexity="1.5">
					<methods>
						<method name="&lt;init&gt;" signature="()V" line-rate="0.0" branch-rate="1.0">
							<lines>
								<line number="187" hits="0" branch="false"/>
							</lines>
						</method>
						<method name="run" signature="()V" line-rate="0.0" branch-rate="1.0">
							<lines>
								<line number="189" hits="0" branch="false"/>
								<line number="190" hits="0" branch="false"/>
							</lines>
						</method>
					</methods>
					<lines>
						<line number="187" hits="0" branch="false"/>
						<line number="189" hits="0" branch="false"/>
						<line number="190" hits="0" branch="false"/>
					</lines>
				</class>
				<class name="com.mycompany.mavenproject1.ListaCurso" filename="com/mycompany/mavenproject1/ListaCurso.java" line-rate="0.6923076923076923" branch-rate="0.6428571428571429" complexity="3.727272727272727">
					<methods>
						<method name="&lt;init&gt;" signature="()V" line-rate="1.0" branch-rate="1.0">
							<lines>
								<line number="18" hits="25" branch="false"/>
							</lines>
						</method>
						<method name="Escribir" signature="(Ljava/lang/String;)V" line-rate="0.7692307692307693" branch-rate="0.5">
							<lines>
								<line number="178" hits="47" branch="false"/>
								<line number="179" hits="47" branch="false"/>
								<line number="180" hits="47" branch="false"/>
								<line number="182" hits="47" branch="true" condition-coverage="50 % (1/2)">
									<conditions>
										<condition number="0" type="jump" coverage="50 %"/>
									</conditions>
								</line>
								<line number="183" hits="0" branch="false"/>
								<line number="185" hits="47" branch="false"/>
								<line number="186" hits="47" branch="false"/>
								<line number="187" hits="47" branch="false"/>
								<line number="188" hits="47" branch="false"/>
								<line number="189" hits="0" branch="false"/>
								<line number="190" hits="0" branch="false"/>
								<line number="191" hits="47" branch="false"/>
								<line number="192" hits="47" branch="false"/>
							</lines>
						</method>
						<method name="Leer" signature="()V" line-rate="0.75" branch-rate="0.8333333333333334">
							<lines>
								<line number="195" hits="11" branch="false"/>
								<line number="196" hits="11" branch="false"/>
								<line number="197" hits="11" branch="false"/>
								<line number="198" hits="11" branch="false"/>
								<line number="203" hits="11" branch="false"/>
								<line number="204" hits="11" branch="false"/>
								<line number="205" hits="11" branch="false"/>
								<line number="210" hits="22" branch="true" condition-coverage="100 % (2/2)">
									<conditions>
										<condition number="0" type="jump" coverage="100 %"/>
									</conditions>
								</line>
								<line number="212" hits="11" branch="false"/>
								<line number="215" hits="0" branch="false"/>
								<line number="216" hits="0" branch="false"/>
								<line number="218" hits="0" branch="false"/>
								<line number="219" hits="11" branch="true" condition-coverage="50 % (1/2)">
									<conditions>
										<condition number="0" type="jump" coverage="50 %"/>
									</conditions>
								</line>
								<line number="220" hits="11" branch="false"/>
								<line number="222" hits="0" branch="false"/>
								<line number="223" hits="0" branch="false"/>
								<line number="224" hits="11" branch="false"/>
								<line number="225" hits="0" branch="false"/>
								<line number="226" hits="11" branch="false"/>
								<line number="227" hits="55" branch="true" condition-coverage="100 % (2/2)">
									<conditions>
										<condition number="0" type="jump" coverage="100 %"/>
									</conditions>
								</line>
								<line number="228" hits="44" branch="false"/>
								<line number="231" hits="44" branch="false"/>
								<line number="234" hits="44" branch="false"/>
								<line number="237" hits="11" branch="false"/>
							</lines>
						</method>
						<method name="Lista" signature="()V" line-rate="0.0" branch-rate="1.0">
							<lines>
								<line number="24" hits="0" branch="false"/>
								<line number="25" hits="0" branch="false"/>
								<line number="26" hits="0" branch="false"/>
							</lines>
						</method>
						<method name="Mostrar" signature="()Ljava/lang/String;" line-rate="0.6842105263157895" branch-rate="0.75">
							<lines>
								<line number="240" hits="1" branch="false"/>
								<line number="241" hits="1" branch="false"/>
								<line number="242" hits="1" branch="false"/>
								<line number="243" hits="1" branch="false"/>
								<line number="248" hits="1" branch="false"/>
								<line number="249" hits="1" branch="false"/>
								<line number="250" hits="1" branch="false"/>
								<line number="255" hits="2" branch="true" condition-coverage="100 % (2/2)">
									<conditions>
										<condition number="0" type="jump" coverage="100 %"/>
									</conditions>
								</line>
								<line number="257" hits="1" branch="false"/>
								<line number="260" hits="0" branch="false"/>
								<line number="261" hits="0" branch="false"/>
								<line number="263" hits="0" branch="false"/>
								<line number="264" hits="1" branch="true" condition-coverage="50 % (1/2)">
									<conditions>
										<condition number="0" type="jump" coverage="50 %"/>
									</conditions>
								</line>
								<line number="265" hits="1" branch="false"/>
								<line number="267" hits="0" branch="false"/>
								<line number="268" hits="0" branch="false"/>
								<line number="269" hits="1" branch="false"/>
								<line number="270" hits="0" branch="false"/>
								<line number="273" hits="1" branch="false"/>
							</lines>
						</method>
						<method name="agregarAlFinal" signature="(ILjava/lang/String;I)Ljava/lang/String;" line-rate="1.0" branch-rate="1.0">
							<lines>
								<line number="41" hits="46" branch="false"/>
								<line number="42" hits="46" branch="false"/>
								<line number="43" hits="46" branch="true" condition-coverage="100 % (2/2)">
									<conditions>
										<condition number="0" type="jump" coverage="100 %"/>
									</conditions>
								</line>
								<line number="44" hits="45" branch="true" condition-coverage="100 % (2/2)">
									<conditions>
										<condition number="0" type="jump" coverage="100 %"/>
									</conditions>
								</line>
								<line number="46" hits="12" branch="false"/>
								<line number="50" hits="33" branch="false"/>
								<line number="52" hits="66" branch="true" condition-coverage="100 % (2/2)">
									<conditions>
										<condition number="0" type="jump" coverage="100 %"/>
									</conditions>
								</line>
								<line number="53" hits="33" branch="false"/>
								<line number="56" hits="33" branch="false"/>
								<line number="59" hits="45" branch="false"/>
								<line number="60" hits="45" branch="false"/>
								<line number="61" hits="45" branch="false"/>
								<line number="63" hits="1" branch="false"/>
							</lines>
						</method>
						<method name="editarPorPosicion" signature="(IILjava/lang/String;I)Ljava/lang/String;" line-rate="0.45454545454545453" branch-rate="0.4">
							<lines>
								<line number="76" hits="2" branch="true" condition-coverage="100 % (2/2)">
									<conditions>
										<condition number="0" type="jump" coverage="100 %"/>
									</conditions>
								</line>
								<line number="77" hits="1" branch="true" condition-coverage="50 % (2/4)">
									<conditions>
										<condition number="0" type="jump" coverage="50 %"/>
										<condition number="1" type="jump" coverage="50 %"/>
									</conditions>
								</line>
								<line number="79" hits="0" branch="true" condition-coverage="0 % (0/2)">
									<conditions>
										<condition number="0" type="jump" coverage="0 %"/>
									</conditions>
								</line>
								<line number="81" hits="0" branch="false"/>
								<line number="86" hits="0" branch="false"/>
								<line number="88" hits="0" branch="true" condition-coverage="0 % (0/2)">
									<conditions>
										<condition number="0" type="jump" coverage="0 %"/>
									</conditions>
								</line>
								<line number="89" hits="0" branch="false"/>
								<line number="92" hits="0" branch="false"/>
								<line number="95" hits="1" branch="false"/>
								<line number="96" hits="1" branch="false"/>
								<line number="98" hits="1" branch="false"/>
							</lines>
						</method>
						<method name="eliminar" signature="()V" line-rate="0.0" branch-rate="1.0">
							<lines>
								<line number="142" hits="0" branch="false"/>
								<line number="144" hits="0" branch="false"/>
								<line number="145" hits="0" branch="false"/>
							</lines>
						</method>
						<method name="esVacia" signature="()Z" line-rate="1.0" branch-rate="1.0">
							<lines>
								<line number="29" hits="95" branch="true" condition-coverage="100 % (2/2)">
									<conditions>
										<condition number="0" type="jump" coverage="100 %"/>
									</conditions>
								</line>
								<line number="30" hits="16" branch="false"/>
								<line number="32" hits="79" branch="false"/>
							</lines>
						</method>
						<method name="getTamanio" signature="()I" line-rate="1.0" branch-rate="1.0">
							<lines>
								<line number="37" hits="2" branch="false"/>
							</lines>
						</method>
						<method name="listar" signature="()Ljava/lang/String;" line-rate="1.0" branch-rate="1.0">
							<lines>
								<line number="151" hits="47" branch="false"/>
								<line number="152" hits="47" branch="false"/>
								<line number="153" hits="47" branch="true" condition-coverage="100 % (2/2)">
									<conditions>
										<condition number="0" type="jump" coverage="100 %"/>
									</conditions>
								</line>
								<line number="155" hits="45" branch="false"/>
								<line number="157" hits="45" branch="false"/>
								<line number="159" hits="156" branch="true" condition-coverage="100 % (2/2)">
									<conditions>
										<condition number="0" type="jump" coverage="100 %"/>
									</conditions>
								</line>
								<line number="161" hits="111" branch="false"/>
								<line number="162" hits="111" branch="false"/>
								<line number="163" hits="111" branch="false"/>
								<line number="165" hits="111" branch="false"/>
								<line number="167" hits="111" branch="false"/>
								<line number="170" hits="47" branch="false"/>
								<line number="172" hits="47" branch="false"/>
								<line number="173" hits="47" branch="false"/>
							</lines>
						</method>
						<method name="removerPorPosicion" signature="(I)Ljava/lang/String;" line-rate="0.25" branch-rate="0.25">
							<lines>
								<line number="110" hits="1" branch="true" condition-coverage="50 % (2/4)">
									<conditions>
										<condition number="0" type="jump" coverage="50 %"/>
										<condition number="1" type="jump" coverage="50 %"/>
									</conditions>
								</line>
								<line number="112" hits="0" branch="true" condition-coverage="0 % (0/2)">
									<conditions>
										<condition number="0" type="jump" coverage="0 %"/>
									</conditions>
								</line>
								<line number="114" hits="0" branch="false"/>
								<line number="115" hits="0" branch="false"/>
								<line number="121" hits="0" branch="false"/>
								<line number="123" hits="0" branch="true" condition-coverage="0 % (0/2)">
									<conditions>
										<condition number="0" type="jump" coverage="0 %"/>
									</conditions>
								</line>
								<line number="124" hits="0" branch="false"/>
								<line number="127" hits="0" branch="false"/>
								<line number="129" hits="0" branch="false"/>
								<line number="132" hits="0" branch="false"/>
								<line number="134" hits="1" branch="false"/>
								<line number="135" hits="1" branch="false"/>
							</lines>
						</method>
					</methods>
					<lines>
						<line number="18" hits="25" branch="false"/>
						<line number="24" hits="0" branch="false"/>
						<line number="25" hits="0" branch="false"/>
						<line number="26" hits="0" branch="false"/>
						<line number="29" hits="95" branch="true" condition-coverage="100 % (2/2)">
							<conditions>
								<condition number="0" type="jump" coverage="100 %"/>
							</conditions>
						</line>
						<line number="30" hits="16" branch="false"/>
						<line number="32" hits="79" branch="false"/>
						<line number="37" hits="2" branch="false"/>
						<line number="41" hits="46" branch="false"/>
						<line number="42" hits="46" branch="false"/>
						<line number="43" hits="46" branch="true" condition-coverage="100 % (2/2)">
							<conditions>
								<condition number="0" type="jump" coverage="100 %"/>
							</conditions>
						</line>
						<line number="44" hits="45" branch="true" condition-coverage="100 % (2/2)">
							<conditions>
								<condition number="0" type="jump" coverage="100 %"/>
							</conditions>
						</line>
						<line number="46" hits="12" branch="false"/>
						<line number="50" hits="33" branch="false"/>
						<line number="52" hits="66" branch="true" condition-coverage="100 % (2/2)">
							<conditions>
								<condition number="0" type="jump" coverage="100 %"/>
							</conditions>
						</line>
						<line number="53" hits="33" branch="false"/>
						<line number="56" hits="33" branch="false"/>
						<line number="59" hits="45" branch="false"/>
						<line number="60" hits="45" branch="false"/>
						<line number="61" hits="45" branch="false"/>
						<line number="63" hits="1" branch="false"/>
						<line number="76" hits="2" branch="true" condition-coverage="100 % (2/2)">
							<conditions>
								<condition number="0" type="jump" coverage="100 %"/>
							</conditions>
						</line>
						<line number="77" hits="1" branch="true" condition-coverage="50 % (2/4)">
							<conditions>
								<condition number="0" type="jump" coverage="50 %"/>
								<condition number="1" type="jump" coverage="50 %"/>
							</conditions>
						</line>
						<line number="79" hits="0" branch="true" condition-coverage="0 % (0/2)">
							<conditions>
								<condition number="0" type="jump" coverage="0 %"/>
							</conditions>
						</line>
						<line number="81" hits="0" branch="false"/>
						<line number="86" hits="0" branch="false"/>
						<line number="88" hits="0" branch="true" condition-coverage="0 % (0/2)">
							<conditions>
								<condition number="0" type="jump" coverage="0 %"/>
							</conditions>
						</line>
						<line number="89" hits="0" branch="false"/>
						<line number="92" hits="0" branch="false"/>
						<line number="95" hits="1" branch="false"/>
						<line number="96" hits="1" branch="false"/>
						<line number="98" hits="1" branch="false"/>
						<line number="110" hits="1" branch="true" condition-coverage="50 % (2/4)">
							<conditions>
								<condition number="0" type="jump" coverage="50 %"/>
								<condition number="1" type="jump" coverage="50 %"/>
							</conditions>
						</line>
						<line number="112" hits="0" branch="true" condition-coverage="0 % (0/2)">
							<conditions>
								<condition number="0" type="jump" coverage="0 %"/>
							</conditions>
						</line>
						<line number="114" hits="0" branch="false"/>
						<line number="115" hits="0" branch="false"/>
						<line number="121" hits="0" branch="false"/>
						<line number="123" hits="0" branch="true" condition-coverage="0 % (0/2)">
							<conditions>
								<condition number="0" type="jump" coverage="0 %"/>
							</conditions>
						</line>
						<line number="124" hits="0" branch="false"/>
						<line number="127" hits="0" branch="false"/>
						<line number="129" hits="0" branch="false"/>
						<line number="132" hits="0" branch="false"/>
						<line number="134" hits="1" branch="false"/>
						<line number="135" hits="1" branch="false"/>
						<line number="142" hits="0" branch="false"/>
						<line number="144" hits="0" branch="false"/>
						<line number="145" hits="0" branch="false"/>
						<line number="151" hits="47" branch="false"/>
						<line number="152" hits="47" branch="false"/>
						<line number="153" hits="47" branch="true" condition-coverage="100 % (2/2)">
							<conditions>
								<condition number="0" type="jump" coverage="100 %"/>
							</conditions>
						</line>
						<line number="155" hits="45" branch="false"/>
						<line number="157" hits="45" branch="false"/>
						<line number="159" hits="156" branch="true" condition-coverage="100 % (2/2)">
							<conditions>
								<condition number="0" type="jump" coverage="100 %"/>
							</conditions>
						</line>
						<line number="161" hits="111" branch="false"/>
						<line number="162" hits="111" branch="false"/>
						<line number="163" hits="111" branch="false"/>
						<line number="165" hits="111" branch="false"/>
						<line number="167" hits="111" branch="false"/>
						<line number="170" hits="47" branch="false"/>
						<line number="172" hits="47" branch="false"/>
						<line number="173" hits="47" branch="false"/>
						<line number="178" hits="47" branch="false"/>
						<line number="179" hits="47" branch="false"/>
						<line number="180" hits="47" branch="false"/>
						<line number="182" hits="47" branch="true" condition-coverage="50 % (1/2)">
							<conditions>
								<condition number="0" type="jump" coverage="50 %"/>
							</conditions>
						</line>
						<line number="183" hits="0" branch="false"/>
						<line number="185" hits="47" branch="false"/>
						<line number="186" hits="47" branch="false"/>
						<line number="187" hits="47" branch="false"/>
						<line number="188" hits="47" branch="false"/>
						<line number="189" hits="0" branch="false"/>
						<line number="190" hits="0" branch="false"/>
						<line number="191" hits="47" branch="false"/>
						<line number="192" hits="47" branch="false"/>
						<line number="195" hits="11" branch="false"/>
						<line number="196" hits="11" branch="false"/>
						<line number="197" hits="11" branch="false"/>
						<line number="198" hits="11" branch="false"/>
						<line number="203" hits="11" branch="false"/>
						<line number="204" hits="11" branch="false"/>
						<line number="205" hits="11" branch="false"/>
						<line number="210" hits="22" branch="true" condition-coverage="100 % (2/2)">
							<conditions>
								<condition number="0" type="jump" coverage="100 %"/>
							</conditions>
						</line>
						<line number="212" hits="11" branch="false"/>
						<line number="215" hits="0" branch="false"/>
						<line number="216" hits="0" branch="false"/>
						<line number="218" hits="0" branch="false"/>
						<line number="219" hits="11" branch="true" condition-coverage="50 % (1/2)">
							<conditions>
								<condition number="0" type="jump" coverage="50 %"/>
							</conditions>
						</line>
						<line number="220" hits="11" branch="false"/>
						<line number="222" hits="0" branch="false"/>
						<line number="223" hits="0" branch="false"/>
						<line number="224" hits="11" branch="false"/>
						<line number="225" hits="0" branch="false"/>
						<line number="226" hits="11" branch="false"/>
						<line number="227" hits="55" branch="true" condition-coverage="100 % (2/2)">
							<conditions>
								<condition number="0" type="jump" coverage="100 %"/>
							</conditions>
						</line>
						<line number="228" hits="44" branch="false"/>
						<line number="231" hits="44" branch="false"/>
						<line number="234" hits="44" branch="false"/>
						<line number="237" hits="11" branch="false"/>
						<line number="240" hits="1" branch="false"/>
						<line number="241" hits="1" branch="false"/>
						<line number="242" hits="1" branch="false"/>
						<line number="243" hits="1" branch="false"/>
						<line number="248" hits="1" branch="false"/>
						<line number="249" hits="1" branch="false"/>
						<line number="250" hits="1" branch="false"/>
						<line number="255" hits="2" branch="true" condition-coverage="100 % (2/2)">
							<conditions>
								<condition number="0" type="jump" coverage="100 %"/>
							</conditions>
						</line>
						<line number="257" hits="1" branch="false"/>
						<line number="260" hits="0" branch="false"/>
						<line number="261" hits="0" branch="false"/>
						<line number="263" hits="0" branch="false"/>
						<line number="264" hits="1" branch="true" condition-coverage="50 % (1/2)">
							<conditions>
								<condition number="0" type="jump" coverage="50 %"/>
							</conditions>
						</line>
						<line number="265" hits="1" branch="false"/>
						<line number="267" hits="0" branch="false"/>
						<line number="268" hits="0" branch="false"/>
						<line number="269" hits="1" branch="false"/>
						<line number="270" hits="0" branch="false"/>
						<line number="273" hits="1" branch="false"/>
					</lines>
				</class>
				<class name="com.mycompany.mavenproject1.NodoCurso" filename="com/mycompany/mavenproject1/NodoCurso.java" line-rate="0.631578947368421" branch-rate="1.0" complexity="1.2">
					<methods>
						<method name="&lt;init&gt;" signature="()V" line-rate="1.0" branch-rate="1.0">
							<lines>
								<line number="14" hits="46" branch="false"/>
							</lines>
						</method>
						<method name="Eliminar" signature="()I" line-rate="0.0" branch-rate="1.0">
							<lines>
								<line number="65" hits="0" branch="false"/>
							</lines>
						</method>
						<method name="getAnterior" signature="()Z" line-rate="0.0" branch-rate="1.0">
							<lines>
								<line number="53" hits="0" branch="false"/>
							</lines>
						</method>
						<method name="getPrimero" signature="()I" line-rate="0.0" branch-rate="1.0">
							<lines>
								<line number="57" hits="0" branch="false"/>
							</lines>
						</method>
						<method name="getSig" signature="()Lcom/mycompany/mavenproject1/NodoCurso;" line-rate="1.0" branch-rate="1.0">
							<lines>
								<line number="41" hits="210" branch="false"/>
							</lines>
						</method>
						<method name="getSiguiente" signature="()Z" line-rate="0.0" branch-rate="1.0">
							<lines>
								<line number="49" hits="0" branch="false"/>
							</lines>
						</method>
						<method name="getUltimo" signature="()I" line-rate="0.0" branch-rate="1.0">
							<lines>
								<line number="61" hits="0" branch="false"/>
							</lines>
						</method>
						<method name="getVal" signature="()Ljava/lang/String;" line-rate="1.0" branch-rate="1.0">
							<lines>
								<line number="27" hits="333" branch="false"/>
								<line number="28" hits="333" branch="false"/>
							</lines>
						</method>
						<method name="getValor" signature="()[Ljava/lang/String;" line-rate="0.0" branch-rate="1.0">
							<lines>
								<line number="23" hits="0" branch="false"/>
								<line number="24" hits="0" branch="false"/>
							</lines>
						</method>
						<method name="setSig" signature="(Lcom/mycompany/mavenproject1/NodoCurso;)V" line-rate="1.0" branch-rate="1.0">
							<lines>
								<line number="45" hits="33" branch="false"/>
								<line number="46" hits="33" branch="false"/>
							</lines>
						</method>
						<method name="setValor" signature="(ILjava/lang/String;I)Z" line-rate="1.0" branch-rate="1.0">
							<lines>
								<line number="31" hits="46" branch="false"/>
								<line number="32" hits="46" branch="false"/>
								<line number="33" hits="46" branch="false"/>
								<line number="34" hits="46" branch="true" condition-coverage="100 % (2/2)">
									<conditions>
										<condition number="0" type="jump" coverage="100 %"/>
									</conditions>
								</line>
								<line number="35" hits="45" branch="false"/>
								<line number="37" hits="1" branch="false"/>
							</lines>
						</method>
					</methods>
					<lines>
						<line number="14" hits="46" branch="false"/>
						<line number="23" hits="0" branch="false"/>
						<line number="24" hits="0" branch="false"/>
						<line number="27" hits="333" branch="false"/>
						<line number="28" hits="333" branch="false"/>
						<line number="31" hits="46" branch="false"/>
						<line number="32" hits="46" branch="false"/>
						<line number="33" hits="46" branch="false"/>
						<line number="34" hits="46" branch="true" condition-coverage="100 % (2/2)">
							<conditions>
								<condition number="0" type="jump" coverage="100 %"/>
							</conditions>
						</line>
						<line number="35" hits="45" branch="false"/>
						<line number="37" hits="1" branch="false"/>
						<line number="41" hits="210" branch="false"/>
						<line number="45" hits="33" branch="false"/>
						<line number="46" hits="33" branch="false"/>
						<line number="49" hits="0" branch="false"/>
						<line number="53" hits="0" branch="false"/>
						<line number="57" hits="0" branch="false"/>
						<line number="61" hits="0" branch="false"/>
						<line number="65" hits="0" branch="false"/>
					</lines>
				</class>
			</classes>
		</package>
	</packages>
</coverage>
