<?xml version="1.0"?>
<!DOCTYPE coverage SYSTEM "http://cobertura.sourceforge.net/xml/coverage-04.dtd">

<coverage line-rate="0.804635761589404" branch-rate="0.734375" lines-covered="243" lines-valid="302" branches-covered="47" branches-valid="64" complexity="2.2564102564102564" version="1.9.4.1" timestamp="1600599892418">
	<sources>
		<source>--source</source>
		<source>/home/astridhernandez/Escritorio/Practica2_Grupo11/mavenproject1/src/main/java</source>
	</sources>
	<packages>
		<package name="com.mycompany.mavenproject1" line-rate="0.804635761589404" branch-rate="0.734375" complexity="2.2564102564102564">
			<classes>
				<class name="com.mycompany.mavenproject1.Interfaz" filename="com/mycompany/mavenproject1/Interfaz.java" line-rate="1.0" branch-rate="1.0" complexity="0.0">
					<methods>
					</methods>
					<lines>
					</lines>
				</class>
				<class name="com.mycompany.mavenproject1.Interfaz$1" filename="com/mycompany/mavenproject1/Interfaz.java" line-rate="1.0" branch-rate="1.0" complexity="0.0">
					<methods>
					</methods>
					<lines>
					</lines>
				</class>
				<class name="com.mycompany.mavenproject1.Interfaz$2" filename="com/mycompany/mavenproject1/Interfaz.java" line-rate="1.0" branch-rate="1.0" complexity="0.0">
					<methods>
					</methods>
					<lines>
					</lines>
				</class>
				<class name="com.mycompany.mavenproject1.Interfaz$3" filename="com/mycompany/mavenproject1/Interfaz.java" line-rate="1.0" branch-rate="1.0" complexity="0.0">
					<methods>
					</methods>
					<lines>
					</lines>
				</class>
				<class name="com.mycompany.mavenproject1.Interfaz$4" filename="com/mycompany/mavenproject1/Interfaz.java" line-rate="1.0" branch-rate="1.0" complexity="0.0">
					<methods>
					</methods>
					<lines>
					</lines>
				</class>
				<class name="com.mycompany.mavenproject1.Interfaz$5" filename="com/mycompany/mavenproject1/Interfaz.java" line-rate="1.0" branch-rate="1.0" complexity="0.0">
					<methods>
					</methods>
					<lines>
					</lines>
				</class>
				<class name="com.mycompany.mavenproject1.Interfaz$6" filename="com/mycompany/mavenproject1/Interfaz.java" line-rate="1.0" branch-rate="1.0" complexity="0.0">
					<methods>
					</methods>
					<lines>
					</lines>
				</class>
				<class name="com.mycompany.mavenproject1.Interfaz$7" filename="com/mycompany/mavenproject1/Interfaz.java" line-rate="1.0" branch-rate="1.0" complexity="0.0">
					<methods>
					</methods>
					<lines>
					</lines>
				</class>
				<class name="com.mycompany.mavenproject1.Interfaz$8" filename="com/mycompany/mavenproject1/Interfaz.java" line-rate="1.0" branch-rate="1.0" complexity="0.0">
					<methods>
					</methods>
					<lines>
					</lines>
				</class>
				<class name="com.mycompany.mavenproject1.InterfazAuxiliar" filename="com/mycompany/mavenproject1/InterfazAuxiliar.java" line-rate="0.8322981366459627" branch-rate="0.0" complexity="1.4285714285714286">
					<methods>
						<method name="&lt;init&gt;" signature="()V" line-rate="1.0" branch-rate="1.0">
							<lines>
								<line number="15" hits="20" branch="false"/>
								<line number="16" hits="20" branch="false"/>
								<line number="18" hits="20" branch="false"/>
								<line number="19" hits="20" branch="false"/>
								<line number="20" hits="20" branch="false"/>
								<line number="21" hits="20" branch="false"/>
							</lines>
						</method>
						<method name="access$000" signature="(Lcom/mycompany/mavenproject1/InterfazAuxiliar;Ljava/awt/event/ActionEvent;)V" line-rate="1.0" branch-rate="1.0">
							<lines>
							</lines>
						</method>
						<method name="access$100" signature="(Lcom/mycompany/mavenproject1/InterfazAuxiliar;Ljava/awt/event/ActionEvent;)V" line-rate="1.0" branch-rate="1.0">
							<lines>
							</lines>
						</method>
						<method name="access$200" signature="(Lcom/mycompany/mavenproject1/InterfazAuxiliar;Ljava/awt/event/ActionEvent;)V" line-rate="1.0" branch-rate="1.0">
							<lines>
							</lines>
						</method>
						<method name="access$300" signature="(Lcom/mycompany/mavenproject1/InterfazAuxiliar;Ljava/awt/event/ActionEvent;)V" line-rate="1.0" branch-rate="1.0">
							<lines>
							</lines>
						</method>
						<method name="access$400" signature="(Lcom/mycompany/mavenproject1/InterfazAuxiliar;Ljava/awt/event/ActionEvent;)V" line-rate="0.0" branch-rate="1.0">
							<lines>
								<line number="12" hits="0" branch="false"/>
							</lines>
						</method>
						<method name="initComponents" signature="()V" line-rate="1.0" branch-rate="1.0">
							<lines>
								<line number="32" hits="20" branch="false"/>
								<line number="33" hits="20" branch="false"/>
								<line number="34" hits="20" branch="false"/>
								<line number="35" hits="20" branch="false"/>
								<line number="36" hits="20" branch="false"/>
								<line number="37" hits="20" branch="false"/>
								<line number="38" hits="20" branch="false"/>
								<line number="39" hits="20" branch="false"/>
								<line number="40" hits="20" branch="false"/>
								<line number="41" hits="20" branch="false"/>
								<line number="42" hits="20" branch="false"/>
								<line number="43" hits="20" branch="false"/>
								<line number="44" hits="20" branch="false"/>
								<line number="45" hits="20" branch="false"/>
								<line number="46" hits="20" branch="false"/>
								<line number="47" hits="20" branch="false"/>
								<line number="48" hits="20" branch="false"/>
								<line number="49" hits="20" branch="false"/>
								<line number="50" hits="20" branch="false"/>
								<line number="51" hits="20" branch="false"/>
								<line number="53" hits="20" branch="false"/>
								<line number="55" hits="20" branch="false"/>
								<line number="57" hits="20" branch="false"/>
								<line number="58" hits="20" branch="false"/>
								<line number="59" hits="20" branch="false"/>
								<line number="61" hits="20" branch="false"/>
								<line number="62" hits="20" branch="false"/>
								<line number="68" hits="20" branch="false"/>
								<line number="69" hits="20" branch="false"/>
								<line number="75" hits="20" branch="false"/>
								<line number="76" hits="20" branch="false"/>
								<line number="82" hits="20" branch="false"/>
								<line number="88" hits="20" branch="false"/>
								<line number="89" hits="20" branch="false"/>
								<line number="95" hits="20" branch="false"/>
								<line number="97" hits="20" branch="false"/>
								<line number="99" hits="20" branch="false"/>
								<line number="101" hits="20" branch="false"/>
								<line number="103" hits="20" branch="false"/>
								<line number="105" hits="20" branch="false"/>
								<line number="107" hits="20" branch="false"/>
								<line number="109" hits="20" branch="false"/>
								<line number="110" hits="20" branch="false"/>
								<line number="111" hits="40" branch="false"/>
								<line number="112" hits="20" branch="false"/>
								<line number="113" hits="40" branch="false"/>
								<line number="114" hits="20" branch="false"/>
								<line number="115" hits="40" branch="false"/>
								<line number="116" hits="40" branch="false"/>
								<line number="117" hits="40" branch="false"/>
								<line number="118" hits="40" branch="false"/>
								<line number="119" hits="20" branch="false"/>
								<line number="120" hits="20" branch="false"/>
								<line number="121" hits="20" branch="false"/>
								<line number="122" hits="20" branch="false"/>
								<line number="123" hits="20" branch="false"/>
								<line number="124" hits="40" branch="false"/>
								<line number="125" hits="20" branch="false"/>
								<line number="126" hits="40" branch="false"/>
								<line number="127" hits="20" branch="false"/>
								<line number="128" hits="40" branch="false"/>
								<line number="129" hits="20" branch="false"/>
								<line number="130" hits="20" branch="false"/>
								<line number="131" hits="20" branch="false"/>
								<line number="132" hits="40" branch="false"/>
								<line number="133" hits="40" branch="false"/>
								<line number="134" hits="20" branch="false"/>
								<line number="135" hits="20" branch="false"/>
								<line number="136" hits="20" branch="false"/>
								<line number="137" hits="20" branch="false"/>
								<line number="138" hits="40" branch="false"/>
								<line number="139" hits="40" branch="false"/>
								<line number="140" hits="20" branch="false"/>
								<line number="141" hits="40" branch="false"/>
								<line number="142" hits="40" branch="false"/>
								<line number="143" hits="20" branch="false"/>
								<line number="144" hits="20" branch="false"/>
								<line number="145" hits="20" branch="false"/>
								<line number="146" hits="20" branch="false"/>
								<line number="147" hits="20" branch="false"/>
								<line number="148" hits="20" branch="false"/>
								<line number="149" hits="40" branch="false"/>
								<line number="150" hits="20" branch="false"/>
								<line number="151" hits="20" branch="false"/>
								<line number="152" hits="40" branch="false"/>
								<line number="153" hits="20" branch="false"/>
								<line number="154" hits="20" branch="false"/>
								<line number="155" hits="20" branch="false"/>
								<line number="156" hits="20" branch="false"/>
								<line number="158" hits="40" branch="false"/>
								<line number="159" hits="20" branch="false"/>
								<line number="160" hits="40" branch="false"/>
								<line number="161" hits="20" branch="false"/>
								<line number="162" hits="40" branch="false"/>
								<line number="163" hits="20" branch="false"/>
								<line number="164" hits="20" branch="false"/>
								<line number="165" hits="20" branch="false"/>
								<line number="166" hits="20" branch="false"/>
								<line number="167" hits="40" branch="false"/>
								<line number="168" hits="20" branch="false"/>
								<line number="169" hits="20" branch="false"/>
								<line number="170" hits="20" branch="false"/>
								<line number="171" hits="20" branch="false"/>
								<line number="172" hits="40" branch="false"/>
								<line number="173" hits="20" branch="false"/>
								<line number="174" hits="20" branch="false"/>
								<line number="175" hits="20" branch="false"/>
								<line number="176" hits="40" branch="false"/>
								<line number="177" hits="20" branch="false"/>
								<line number="178" hits="20" branch="false"/>
								<line number="179" hits="20" branch="false"/>
								<line number="180" hits="20" branch="false"/>
								<line number="181" hits="20" branch="false"/>
								<line number="182" hits="20" branch="false"/>
								<line number="183" hits="20" branch="false"/>
								<line number="184" hits="20" branch="false"/>
								<line number="185" hits="40" branch="false"/>
								<line number="186" hits="20" branch="false"/>
								<line number="187" hits="20" branch="false"/>
								<line number="188" hits="20" branch="false"/>
								<line number="189" hits="40" branch="false"/>
								<line number="190" hits="20" branch="false"/>
								<line number="191" hits="20" branch="false"/>
								<line number="192" hits="20" branch="false"/>
								<line number="193" hits="20" branch="false"/>
								<line number="194" hits="20" branch="false"/>
								<line number="197" hits="20" branch="false"/>
								<line number="198" hits="20" branch="false"/>
							</lines>
						</method>
						<method name="jButton1ActionPerformed" signature="(Ljava/awt/event/ActionEvent;)V" line-rate="0.0" branch-rate="1.0">
							<lines>
								<line number="201" hits="0" branch="false"/>
								<line number="202" hits="0" branch="false"/>
								<line number="203" hits="0" branch="false"/>
								<line number="204" hits="0" branch="false"/>
							</lines>
						</method>
						<method name="jButton2ActionPerformed" signature="(Ljava/awt/event/ActionEvent;)V" line-rate="0.0" branch-rate="1.0">
							<lines>
								<line number="207" hits="0" branch="false"/>
								<line number="208" hits="0" branch="false"/>
							</lines>
						</method>
						<method name="jButton3ActionPerformed" signature="(Ljava/awt/event/ActionEvent;)V" line-rate="0.0" branch-rate="1.0">
							<lines>
								<line number="221" hits="0" branch="false"/>
								<line number="222" hits="0" branch="false"/>
							</lines>
						</method>
						<method name="jButton5ActionPerformed" signature="(Ljava/awt/event/ActionEvent;)V" line-rate="0.0" branch-rate="1.0">
							<lines>
								<line number="216" hits="0" branch="false"/>
								<line number="217" hits="0" branch="false"/>
							</lines>
						</method>
						<method name="jTextField5ActionPerformed" signature="(Ljava/awt/event/ActionEvent;)V" line-rate="0.0" branch-rate="1.0">
							<lines>
								<line number="212" hits="0" branch="false"/>
							</lines>
						</method>
						<method name="main" signature="([Ljava/lang/String;)V" line-rate="0.0" branch-rate="0.0">
							<lines>
								<line number="234" hits="0" branch="true" condition-coverage="0% (0/2)">
									<conditions>
										<condition number="0" type="jump" coverage="0%"/>
									</conditions>
								</line>
								<line number="235" hits="0" branch="true" condition-coverage="0% (0/2)">
									<conditions>
										<condition number="0" type="jump" coverage="0%"/>
									</conditions>
								</line>
								<line number="236" hits="0" branch="false"/>
								<line number="237" hits="0" branch="false"/>
								<line number="240" hits="0" branch="false"/>
								<line number="241" hits="0" branch="false"/>
								<line number="242" hits="0" branch="false"/>
								<line number="243" hits="0" branch="false"/>
								<line number="244" hits="0" branch="false"/>
								<line number="245" hits="0" branch="false"/>
								<line number="246" hits="0" branch="false"/>
								<line number="247" hits="0" branch="false"/>
								<line number="248" hits="0" branch="false"/>
								<line number="252" hits="0" branch="false"/>
								<line number="257" hits="0" branch="false"/>
							</lines>
						</method>
					</methods>
					<lines>
						<line number="12" hits="0" branch="false"/>
						<line number="15" hits="20" branch="false"/>
						<line number="16" hits="20" branch="false"/>
						<line number="18" hits="20" branch="false"/>
						<line number="19" hits="20" branch="false"/>
						<line number="20" hits="20" branch="false"/>
						<line number="21" hits="20" branch="false"/>
						<line number="32" hits="20" branch="false"/>
						<line number="33" hits="20" branch="false"/>
						<line number="34" hits="20" branch="false"/>
						<line number="35" hits="20" branch="false"/>
						<line number="36" hits="20" branch="false"/>
						<line number="37" hits="20" branch="false"/>
						<line number="38" hits="20" branch="false"/>
						<line number="39" hits="20" branch="false"/>
						<line number="40" hits="20" branch="false"/>
						<line number="41" hits="20" branch="false"/>
						<line number="42" hits="20" branch="false"/>
						<line number="43" hits="20" branch="false"/>
						<line number="44" hits="20" branch="false"/>
						<line number="45" hits="20" branch="false"/>
						<line number="46" hits="20" branch="false"/>
						<line number="47" hits="20" branch="false"/>
						<line number="48" hits="20" branch="false"/>
						<line number="49" hits="20" branch="false"/>
						<line number="50" hits="20" branch="false"/>
						<line number="51" hits="20" branch="false"/>
						<line number="53" hits="20" branch="false"/>
						<line number="55" hits="20" branch="false"/>
						<line number="57" hits="20" branch="false"/>
						<line number="58" hits="20" branch="false"/>
						<line number="59" hits="20" branch="false"/>
						<line number="61" hits="20" branch="false"/>
						<line number="62" hits="20" branch="false"/>
						<line number="68" hits="20" branch="false"/>
						<line number="69" hits="20" branch="false"/>
						<line number="75" hits="20" branch="false"/>
						<line number="76" hits="20" branch="false"/>
						<line number="82" hits="20" branch="false"/>
						<line number="88" hits="20" branch="false"/>
						<line number="89" hits="20" branch="false"/>
						<line number="95" hits="20" branch="false"/>
						<line number="97" hits="20" branch="false"/>
						<line number="99" hits="20" branch="false"/>
						<line number="101" hits="20" branch="false"/>
						<line number="103" hits="20" branch="false"/>
						<line number="105" hits="20" branch="false"/>
						<line number="107" hits="20" branch="false"/>
						<line number="109" hits="20" branch="false"/>
						<line number="110" hits="20" branch="false"/>
						<line number="111" hits="40" branch="false"/>
						<line number="112" hits="20" branch="false"/>
						<line number="113" hits="40" branch="false"/>
						<line number="114" hits="20" branch="false"/>
						<line number="115" hits="40" branch="false"/>
						<line number="116" hits="40" branch="false"/>
						<line number="117" hits="40" branch="false"/>
						<line number="118" hits="40" branch="false"/>
						<line number="119" hits="20" branch="false"/>
						<line number="120" hits="20" branch="false"/>
						<line number="121" hits="20" branch="false"/>
						<line number="122" hits="20" branch="false"/>
						<line number="123" hits="20" branch="false"/>
						<line number="124" hits="40" branch="false"/>
						<line number="125" hits="20" branch="false"/>
						<line number="126" hits="40" branch="false"/>
						<line number="127" hits="20" branch="false"/>
						<line number="128" hits="40" branch="false"/>
						<line number="129" hits="20" branch="false"/>
						<line number="130" hits="20" branch="false"/>
						<line number="131" hits="20" branch="false"/>
						<line number="132" hits="40" branch="false"/>
						<line number="133" hits="40" branch="false"/>
						<line number="134" hits="20" branch="false"/>
						<line number="135" hits="20" branch="false"/>
						<line number="136" hits="20" branch="false"/>
						<line number="137" hits="20" branch="false"/>
						<line number="138" hits="40" branch="false"/>
						<line number="139" hits="40" branch="false"/>
						<line number="140" hits="20" branch="false"/>
						<line number="141" hits="40" branch="false"/>
						<line number="142" hits="40" branch="false"/>
						<line number="143" hits="20" branch="false"/>
						<line number="144" hits="20" branch="false"/>
						<line number="145" hits="20" branch="false"/>
						<line number="146" hits="20" branch="false"/>
						<line number="147" hits="20" branch="false"/>
						<line number="148" hits="20" branch="false"/>
						<line number="149" hits="40" branch="false"/>
						<line number="150" hits="20" branch="false"/>
						<line number="151" hits="20" branch="false"/>
						<line number="152" hits="40" branch="false"/>
						<line number="153" hits="20" branch="false"/>
						<line number="154" hits="20" branch="false"/>
						<line number="155" hits="20" branch="false"/>
						<line number="156" hits="20" branch="false"/>
						<line number="158" hits="40" branch="false"/>
						<line number="159" hits="20" branch="false"/>
						<line number="160" hits="40" branch="false"/>
						<line number="161" hits="20" branch="false"/>
						<line number="162" hits="40" branch="false"/>
						<line number="163" hits="20" branch="false"/>
						<line number="164" hits="20" branch="false"/>
						<line number="165" hits="20" branch="false"/>
						<line number="166" hits="20" branch="false"/>
						<line number="167" hits="40" branch="false"/>
						<line number="168" hits="20" branch="false"/>
						<line number="169" hits="20" branch="false"/>
						<line number="170" hits="20" branch="false"/>
						<line number="171" hits="20" branch="false"/>
						<line number="172" hits="40" branch="false"/>
						<line number="173" hits="20" branch="false"/>
						<line number="174" hits="20" branch="false"/>
						<line number="175" hits="20" branch="false"/>
						<line number="176" hits="40" branch="false"/>
						<line number="177" hits="20" branch="false"/>
						<line number="178" hits="20" branch="false"/>
						<line number="179" hits="20" branch="false"/>
						<line number="180" hits="20" branch="false"/>
						<line number="181" hits="20" branch="false"/>
						<line number="182" hits="20" branch="false"/>
						<line number="183" hits="20" branch="false"/>
						<line number="184" hits="20" branch="false"/>
						<line number="185" hits="40" branch="false"/>
						<line number="186" hits="20" branch="false"/>
						<line number="187" hits="20" branch="false"/>
						<line number="188" hits="20" branch="false"/>
						<line number="189" hits="40" branch="false"/>
						<line number="190" hits="20" branch="false"/>
						<line number="191" hits="20" branch="false"/>
						<line number="192" hits="20" branch="false"/>
						<line number="193" hits="20" branch="false"/>
						<line number="194" hits="20" branch="false"/>
						<line number="197" hits="20" branch="false"/>
						<line number="198" hits="20" branch="false"/>
						<line number="201" hits="0" branch="false"/>
						<line number="202" hits="0" branch="false"/>
						<line number="203" hits="0" branch="false"/>
						<line number="204" hits="0" branch="false"/>
						<line number="207" hits="0" branch="false"/>
						<line number="208" hits="0" branch="false"/>
						<line number="212" hits="0" branch="false"/>
						<line number="216" hits="0" branch="false"/>
						<line number="217" hits="0" branch="false"/>
						<line number="221" hits="0" branch="false"/>
						<line number="222" hits="0" branch="false"/>
						<line number="234" hits="0" branch="true" condition-coverage="0% (0/2)">
							<conditions>
								<condition number="0" type="jump" coverage="0%"/>
							</conditions>
						</line>
						<line number="235" hits="0" branch="true" condition-coverage="0% (0/2)">
							<conditions>
								<condition number="0" type="jump" coverage="0%"/>
							</conditions>
						</line>
						<line number="236" hits="0" branch="false"/>
						<line number="237" hits="0" branch="false"/>
						<line number="240" hits="0" branch="false"/>
						<line number="241" hits="0" branch="false"/>
						<line number="242" hits="0" branch="false"/>
						<line number="243" hits="0" branch="false"/>
						<line number="244" hits="0" branch="false"/>
						<line number="245" hits="0" branch="false"/>
						<line number="246" hits="0" branch="false"/>
						<line number="247" hits="0" branch="false"/>
						<line number="248" hits="0" branch="false"/>
						<line number="252" hits="0" branch="false"/>
						<line number="257" hits="0" branch="false"/>
					</lines>
				</class>
				<class name="com.mycompany.mavenproject1.InterfazAuxiliar$1" filename="com/mycompany/mavenproject1/InterfazAuxiliar.java" line-rate="0.3333333333333333" branch-rate="1.0" complexity="1.4285714285714286">
					<methods>
						<method name="&lt;init&gt;" signature="(Lcom/mycompany/mavenproject1/InterfazAuxiliar;)V" line-rate="1.0" branch-rate="1.0">
							<lines>
								<line number="62" hits="20" branch="false"/>
							</lines>
						</method>
						<method name="actionPerformed" signature="(Ljava/awt/event/ActionEvent;)V" line-rate="0.0" branch-rate="1.0">
							<lines>
								<line number="64" hits="0" branch="false"/>
								<line number="65" hits="0" branch="false"/>
							</lines>
						</method>
					</methods>
					<lines>
						<line number="62" hits="20" branch="false"/>
						<line number="64" hits="0" branch="false"/>
						<line number="65" hits="0" branch="false"/>
					</lines>
				</class>
				<class name="com.mycompany.mavenproject1.InterfazAuxiliar$2" filename="com/mycompany/mavenproject1/InterfazAuxiliar.java" line-rate="0.3333333333333333" branch-rate="1.0" complexity="1.4285714285714286">
					<methods>
						<method name="&lt;init&gt;" signature="(Lcom/mycompany/mavenproject1/InterfazAuxiliar;)V" line-rate="1.0" branch-rate="1.0">
							<lines>
								<line number="69" hits="20" branch="false"/>
							</lines>
						</method>
						<method name="actionPerformed" signature="(Ljava/awt/event/ActionEvent;)V" line-rate="0.0" branch-rate="1.0">
							<lines>
								<line number="71" hits="0" branch="false"/>
								<line number="72" hits="0" branch="false"/>
							</lines>
						</method>
					</methods>
					<lines>
						<line number="69" hits="20" branch="false"/>
						<line number="71" hits="0" branch="false"/>
						<line number="72" hits="0" branch="false"/>
					</lines>
				</class>
				<class name="com.mycompany.mavenproject1.InterfazAuxiliar$3" filename="com/mycompany/mavenproject1/InterfazAuxiliar.java" line-rate="0.3333333333333333" branch-rate="1.0" complexity="1.4285714285714286">
					<methods>
						<method name="&lt;init&gt;" signature="(Lcom/mycompany/mavenproject1/InterfazAuxiliar;)V" line-rate="1.0" branch-rate="1.0">
							<lines>
								<line number="76" hits="20" branch="false"/>
							</lines>
						</method>
						<method name="actionPerformed" signature="(Ljava/awt/event/ActionEvent;)V" line-rate="0.0" branch-rate="1.0">
							<lines>
								<line number="78" hits="0" branch="false"/>
								<line number="79" hits="0" branch="false"/>
							</lines>
						</method>
					</methods>
					<lines>
						<line number="76" hits="20" branch="false"/>
						<line number="78" hits="0" branch="false"/>
						<line number="79" hits="0" branch="false"/>
					</lines>
				</class>
				<class name="com.mycompany.mavenproject1.InterfazAuxiliar$4" filename="com/mycompany/mavenproject1/InterfazAuxiliar.java" line-rate="0.3333333333333333" branch-rate="1.0" complexity="1.4285714285714286">
					<methods>
						<method name="&lt;init&gt;" signature="(Lcom/mycompany/mavenproject1/InterfazAuxiliar;)V" line-rate="1.0" branch-rate="1.0">
							<lines>
								<line number="82" hits="20" branch="false"/>
							</lines>
						</method>
						<method name="actionPerformed" signature="(Ljava/awt/event/ActionEvent;)V" line-rate="0.0" branch-rate="1.0">
							<lines>
								<line number="84" hits="0" branch="false"/>
								<line number="85" hits="0" branch="false"/>
							</lines>
						</method>
					</methods>
					<lines>
						<line number="82" hits="20" branch="false"/>
						<line number="84" hits="0" branch="false"/>
						<line number="85" hits="0" branch="false"/>
					</lines>
				</class>
				<class name="com.mycompany.mavenproject1.InterfazAuxiliar$5" filename="com/mycompany/mavenproject1/InterfazAuxiliar.java" line-rate="0.3333333333333333" branch-rate="1.0" complexity="1.4285714285714286">
					<methods>
						<method name="&lt;init&gt;" signature="(Lcom/mycompany/mavenproject1/InterfazAuxiliar;)V" line-rate="1.0" branch-rate="1.0">
							<lines>
								<line number="89" hits="20" branch="false"/>
							</lines>
						</method>
						<method name="actionPerformed" signature="(Ljava/awt/event/ActionEvent;)V" line-rate="0.0" branch-rate="1.0">
							<lines>
								<line number="91" hits="0" branch="false"/>
								<line number="92" hits="0" branch="false"/>
							</lines>
						</method>
					</methods>
					<lines>
						<line number="89" hits="20" branch="false"/>
						<line number="91" hits="0" branch="false"/>
						<line number="92" hits="0" branch="false"/>
					</lines>
				</class>
				<class name="com.mycompany.mavenproject1.InterfazAuxiliar$6" filename="com/mycompany/mavenproject1/InterfazAuxiliar.java" line-rate="0.0" branch-rate="1.0" complexity="1.4285714285714286">
					<methods>
						<method name="&lt;init&gt;" signature="()V" line-rate="0.0" branch-rate="1.0">
							<lines>
								<line number="252" hits="0" branch="false"/>
							</lines>
						</method>
						<method name="run" signature="()V" line-rate="0.0" branch-rate="1.0">
							<lines>
								<line number="254" hits="0" branch="false"/>
								<line number="255" hits="0" branch="false"/>
							</lines>
						</method>
					</methods>
					<lines>
						<line number="252" hits="0" branch="false"/>
						<line number="254" hits="0" branch="false"/>
						<line number="255" hits="0" branch="false"/>
					</lines>
				</class>
				<class name="com.mycompany.mavenproject1.ListaAuxiliar" filename="com/mycompany/mavenproject1/ListaAuxiliar.java" line-rate="0.8173076923076923" branch-rate="0.7833333333333333" complexity="4.3076923076923075">
					<methods>
						<method name="&lt;init&gt;" signature="()V" line-rate="1.0" branch-rate="1.0">
							<lines>
								<line number="18" hits="40" branch="false"/>
								<line number="19" hits="40" branch="false"/>
								<line number="20" hits="40" branch="false"/>
							</lines>
						</method>
						<method name="Leer" signature="()V" line-rate="0.7777777777777778" branch-rate="0.7">
							<lines>
								<line number="124" hits="25" branch="false"/>
								<line number="125" hits="25" branch="false"/>
								<line number="126" hits="25" branch="false"/>
								<line number="127" hits="25" branch="false"/>
								<line number="130" hits="25" branch="false"/>
								<line number="132" hits="25" branch="true" condition-coverage="50% (1/2)">
									<conditions>
										<condition number="0" type="jump" coverage="50%"/>
									</conditions>
								</line>
								<line number="133" hits="25" branch="false"/>
								<line number="134" hits="25" branch="false"/>
								<line number="137" hits="125" branch="true" condition-coverage="100% (2/2)">
									<conditions>
										<condition number="0" type="jump" coverage="100%"/>
									</conditions>
								</line>
								<line number="138" hits="100" branch="false"/>
								<line number="141" hits="0" branch="false"/>
								<line number="142" hits="0" branch="false"/>
								<line number="144" hits="0" branch="false"/>
								<line number="145" hits="25" branch="true" condition-coverage="50% (1/2)">
									<conditions>
										<condition number="0" type="jump" coverage="50%"/>
									</conditions>
								</line>
								<line number="146" hits="25" branch="false"/>
								<line number="148" hits="0" branch="false"/>
								<line number="149" hits="0" branch="false"/>
								<line number="150" hits="25" branch="false"/>
								<line number="151" hits="0" branch="false"/>
								<line number="153" hits="25" branch="true" condition-coverage="50% (1/2)">
									<conditions>
										<condition number="0" type="jump" coverage="50%"/>
									</conditions>
								</line>
								<line number="154" hits="25" branch="false"/>
								<line number="155" hits="25" branch="false"/>
								<line number="156" hits="125" branch="true" condition-coverage="100% (2/2)">
									<conditions>
										<condition number="0" type="jump" coverage="100%"/>
									</conditions>
								</line>
								<line number="157" hits="100" branch="false"/>
								<line number="159" hits="100" branch="false"/>
								<line number="161" hits="100" branch="false"/>
								<line number="165" hits="25" branch="false"/>
							</lines>
						</method>
						<method name="eliminarAuxiliar" signature="(I)Z" line-rate="1.0" branch-rate="0.8125">
							<lines>
								<line number="61" hits="5" branch="true" condition-coverage="100% (2/2)">
									<conditions>
										<condition number="0" type="jump" coverage="100%"/>
									</conditions>
								</line>
								<line number="62" hits="4" branch="true" condition-coverage="75% (3/4)">
									<conditions>
										<condition number="0" type="jump" coverage="100%"/>
										<condition number="1" type="jump" coverage="50%"/>
									</conditions>
								</line>
								<line number="63" hits="1" branch="false"/>
								<line number="64" hits="1" branch="false"/>
								<line number="65" hits="3" branch="true" condition-coverage="75% (3/4)">
									<conditions>
										<condition number="0" type="jump" coverage="50%"/>
										<condition number="1" type="jump" coverage="100%"/>
									</conditions>
								</line>
								<line number="66" hits="1" branch="false"/>
								<line number="67" hits="1" branch="false"/>
								<line number="69" hits="2" branch="false"/>
								<line number="71" hits="4" branch="true" condition-coverage="50% (1/2)">
									<conditions>
										<condition number="0" type="jump" coverage="50%"/>
									</conditions>
								</line>
								<line number="72" hits="4" branch="true" condition-coverage="100% (2/2)">
									<conditions>
										<condition number="0" type="jump" coverage="100%"/>
									</conditions>
								</line>
								<line number="73" hits="2" branch="true" condition-coverage="100% (2/2)">
									<conditions>
										<condition number="0" type="jump" coverage="100%"/>
									</conditions>
								</line>
								<line number="74" hits="1" branch="false"/>
								<line number="76" hits="1" branch="false"/>
								<line number="78" hits="2" branch="false"/>
								<line number="80" hits="2" branch="false"/>
								<line number="85" hits="1" branch="false"/>
							</lines>
						</method>
						<method name="escribirArchivo" signature="(Ljava/lang/String;)V" line-rate="0.0" branch-rate="0.0">
							<lines>
								<line number="107" hits="0" branch="false"/>
								<line number="108" hits="0" branch="false"/>
								<line number="109" hits="0" branch="false"/>
								<line number="111" hits="0" branch="true" condition-coverage="0% (0/2)">
									<conditions>
										<condition number="0" type="jump" coverage="0%"/>
									</conditions>
								</line>
								<line number="112" hits="0" branch="false"/>
								<line number="114" hits="0" branch="false"/>
								<line number="115" hits="0" branch="false"/>
								<line number="116" hits="0" branch="false"/>
								<line number="117" hits="0" branch="false"/>
								<line number="118" hits="0" branch="false"/>
								<line number="119" hits="0" branch="false"/>
								<line number="120" hits="0" branch="false"/>
								<line number="121" hits="0" branch="false"/>
							</lines>
						</method>
						<method name="insertarAuxiliar" signature="(ILjava/lang/String;Ljava/lang/String;CLjava/lang/String;)Z" line-rate="1.0" branch-rate="0.6">
							<lines>
								<line number="32" hits="3" branch="true" condition-coverage="75% (3/4)">
									<conditions>
										<condition number="0" type="jump" coverage="50%"/>
										<condition number="1" type="jump" coverage="100%"/>
									</conditions>
								</line>
								<line number="33" hits="2" branch="true" condition-coverage="50% (3/6)">
									<conditions>
										<condition number="0" type="jump" coverage="50%"/>
										<condition number="1" type="jump" coverage="50%"/>
										<condition number="2" type="jump" coverage="50%"/>
									</conditions>
								</line>
								<line number="34" hits="2" branch="false"/>
								<line number="35" hits="2" branch="false"/>
								<line number="37" hits="1" branch="false"/>
							</lines>
						</method>
						<method name="listaVacia" signature="()Z" line-rate="1.0" branch-rate="1.0">
							<lines>
								<line number="24" hits="23" branch="true" condition-coverage="100% (2/2)">
									<conditions>
										<condition number="0" type="jump" coverage="100%"/>
									</conditions>
								</line>
								<line number="25" hits="22" branch="false"/>
								<line number="28" hits="1" branch="false"/>
							</lines>
						</method>
						<method name="listarAuxiliar" signature="()Ljava/lang/String;" line-rate="1.0" branch-rate="0.75">
							<lines>
								<line number="89" hits="2" branch="false"/>
								<line number="91" hits="2" branch="true" condition-coverage="50% (1/2)">
									<conditions>
										<condition number="0" type="jump" coverage="50%"/>
									</conditions>
								</line>
								<line number="92" hits="2" branch="false"/>
								<line number="94" hits="10" branch="true" condition-coverage="100% (2/2)">
									<conditions>
										<condition number="0" type="jump" coverage="100%"/>
									</conditions>
								</line>
								<line number="96" hits="8" branch="false"/>
								<line number="97" hits="8" branch="false"/>
								<line number="99" hits="8" branch="false"/>
								<line number="102" hits="2" branch="false"/>
							</lines>
						</method>
						<method name="setAuxiliar" signature="(ILjava/lang/String;Ljava/lang/String;CLjava/lang/String;)V" line-rate="1.0" branch-rate="1.0">
							<lines>
								<line number="41" hits="102" branch="false"/>
								<line number="42" hits="102" branch="false"/>
								<line number="43" hits="102" branch="false"/>
								<line number="44" hits="102" branch="false"/>
								<line number="45" hits="102" branch="false"/>
								<line number="46" hits="102" branch="false"/>
								<line number="47" hits="102" branch="false"/>
								<line number="49" hits="102" branch="true" condition-coverage="100% (2/2)">
									<conditions>
										<condition number="0" type="jump" coverage="100%"/>
									</conditions>
								</line>
								<line number="50" hits="27" branch="false"/>
								<line number="52" hits="75" branch="false"/>
								<line number="53" hits="150" branch="true" condition-coverage="100% (2/2)">
									<conditions>
										<condition number="0" type="jump" coverage="100%"/>
									</conditions>
								</line>
								<line number="54" hits="75" branch="false"/>
								<line number="56" hits="75" branch="false"/>
								<line number="58" hits="102" branch="false"/>
							</lines>
						</method>
						<method name="validarCodigoPersonal" signature="(I)I" line-rate="1.0" branch-rate="1.0">
							<lines>
								<line number="172" hits="6" branch="true" condition-coverage="100% (4/4)">
									<conditions>
										<condition number="0" type="jump" coverage="100%"/>
										<condition number="1" type="jump" coverage="100%"/>
									</conditions>
								</line>
								<line number="173" hits="4" branch="false"/>
								<line number="175" hits="2" branch="false"/>
							</lines>
						</method>
						<method name="validarContrasena" signature="(Ljava/lang/String;)Ljava/lang/String;" line-rate="1.0" branch-rate="1.0">
							<lines>
								<line number="204" hits="4" branch="true" condition-coverage="100% (2/2)">
									<conditions>
										<condition number="0" type="jump" coverage="100%"/>
									</conditions>
								</line>
								<line number="206" hits="3" branch="false"/>
								<line number="208" hits="1" branch="false"/>
							</lines>
						</method>
						<method name="validarCurso" signature="(Ljava/lang/String;)Ljava/lang/String;" line-rate="1.0" branch-rate="1.0">
							<lines>
								<line number="188" hits="4" branch="true" condition-coverage="100% (2/2)">
									<conditions>
										<condition number="0" type="jump" coverage="100%"/>
									</conditions>
								</line>
								<line number="189" hits="1" branch="false"/>
								<line number="191" hits="3" branch="false"/>
							</lines>
						</method>
						<method name="validarNombre" signature="(Ljava/lang/String;)Z" line-rate="1.0" branch-rate="1.0">
							<lines>
								<line number="180" hits="5" branch="true" condition-coverage="100% (2/2)">
									<conditions>
										<condition number="0" type="jump" coverage="100%"/>
									</conditions>
								</line>
								<line number="181" hits="2" branch="false"/>
								<line number="183" hits="3" branch="false"/>
							</lines>
						</method>
						<method name="validarSeccion" signature="(C)Z" line-rate="1.0" branch-rate="1.0">
							<lines>
								<line number="196" hits="4" branch="true" condition-coverage="100% (2/2)">
									<conditions>
										<condition number="0" type="jump" coverage="100%"/>
									</conditions>
								</line>
								<line number="197" hits="1" branch="false"/>
								<line number="199" hits="3" branch="false"/>
							</lines>
						</method>
					</methods>
					<lines>
						<line number="18" hits="40" branch="false"/>
						<line number="19" hits="40" branch="false"/>
						<line number="20" hits="40" branch="false"/>
						<line number="24" hits="23" branch="true" condition-coverage="100% (2/2)">
							<conditions>
								<condition number="0" type="jump" coverage="100%"/>
							</conditions>
						</line>
						<line number="25" hits="22" branch="false"/>
						<line number="28" hits="1" branch="false"/>
						<line number="32" hits="3" branch="true" condition-coverage="75% (3/4)">
							<conditions>
								<condition number="0" type="jump" coverage="50%"/>
								<condition number="1" type="jump" coverage="100%"/>
							</conditions>
						</line>
						<line number="33" hits="2" branch="true" condition-coverage="50% (3/6)">
							<conditions>
								<condition number="0" type="jump" coverage="50%"/>
								<condition number="1" type="jump" coverage="50%"/>
								<condition number="2" type="jump" coverage="50%"/>
							</conditions>
						</line>
						<line number="34" hits="2" branch="false"/>
						<line number="35" hits="2" branch="false"/>
						<line number="37" hits="1" branch="false"/>
						<line number="41" hits="102" branch="false"/>
						<line number="42" hits="102" branch="false"/>
						<line number="43" hits="102" branch="false"/>
						<line number="44" hits="102" branch="false"/>
						<line number="45" hits="102" branch="false"/>
						<line number="46" hits="102" branch="false"/>
						<line number="47" hits="102" branch="false"/>
						<line number="49" hits="102" branch="true" condition-coverage="100% (2/2)">
							<conditions>
								<condition number="0" type="jump" coverage="100%"/>
							</conditions>
						</line>
						<line number="50" hits="27" branch="false"/>
						<line number="52" hits="75" branch="false"/>
						<line number="53" hits="150" branch="true" condition-coverage="100% (2/2)">
							<conditions>
								<condition number="0" type="jump" coverage="100%"/>
							</conditions>
						</line>
						<line number="54" hits="75" branch="false"/>
						<line number="56" hits="75" branch="false"/>
						<line number="58" hits="102" branch="false"/>
						<line number="61" hits="5" branch="true" condition-coverage="100% (2/2)">
							<conditions>
								<condition number="0" type="jump" coverage="100%"/>
							</conditions>
						</line>
						<line number="62" hits="4" branch="true" condition-coverage="75% (3/4)">
							<conditions>
								<condition number="0" type="jump" coverage="100%"/>
								<condition number="1" type="jump" coverage="50%"/>
							</conditions>
						</line>
						<line number="63" hits="1" branch="false"/>
						<line number="64" hits="1" branch="false"/>
						<line number="65" hits="3" branch="true" condition-coverage="75% (3/4)">
							<conditions>
								<condition number="0" type="jump" coverage="50%"/>
								<condition number="1" type="jump" coverage="100%"/>
							</conditions>
						</line>
						<line number="66" hits="1" branch="false"/>
						<line number="67" hits="1" branch="false"/>
						<line number="69" hits="2" branch="false"/>
						<line number="71" hits="4" branch="true" condition-coverage="50% (1/2)">
							<conditions>
								<condition number="0" type="jump" coverage="50%"/>
							</conditions>
						</line>
						<line number="72" hits="4" branch="true" condition-coverage="100% (2/2)">
							<conditions>
								<condition number="0" type="jump" coverage="100%"/>
							</conditions>
						</line>
						<line number="73" hits="2" branch="true" condition-coverage="100% (2/2)">
							<conditions>
								<condition number="0" type="jump" coverage="100%"/>
							</conditions>
						</line>
						<line number="74" hits="1" branch="false"/>
						<line number="76" hits="1" branch="false"/>
						<line number="78" hits="2" branch="false"/>
						<line number="80" hits="2" branch="false"/>
						<line number="85" hits="1" branch="false"/>
						<line number="89" hits="2" branch="false"/>
						<line number="91" hits="2" branch="true" condition-coverage="50% (1/2)">
							<conditions>
								<condition number="0" type="jump" coverage="50%"/>
							</conditions>
						</line>
						<line number="92" hits="2" branch="false"/>
						<line number="94" hits="10" branch="true" condition-coverage="100% (2/2)">
							<conditions>
								<condition number="0" type="jump" coverage="100%"/>
							</conditions>
						</line>
						<line number="96" hits="8" branch="false"/>
						<line number="97" hits="8" branch="false"/>
						<line number="99" hits="8" branch="false"/>
						<line number="102" hits="2" branch="false"/>
						<line number="107" hits="0" branch="false"/>
						<line number="108" hits="0" branch="false"/>
						<line number="109" hits="0" branch="false"/>
						<line number="111" hits="0" branch="true" condition-coverage="0% (0/2)">
							<conditions>
								<condition number="0" type="jump" coverage="0%"/>
							</conditions>
						</line>
						<line number="112" hits="0" branch="false"/>
						<line number="114" hits="0" branch="false"/>
						<line number="115" hits="0" branch="false"/>
						<line number="116" hits="0" branch="false"/>
						<line number="117" hits="0" branch="false"/>
						<line number="118" hits="0" branch="false"/>
						<line number="119" hits="0" branch="false"/>
						<line number="120" hits="0" branch="false"/>
						<line number="121" hits="0" branch="false"/>
						<line number="124" hits="25" branch="false"/>
						<line number="125" hits="25" branch="false"/>
						<line number="126" hits="25" branch="false"/>
						<line number="127" hits="25" branch="false"/>
						<line number="130" hits="25" branch="false"/>
						<line number="132" hits="25" branch="true" condition-coverage="50% (1/2)">
							<conditions>
								<condition number="0" type="jump" coverage="50%"/>
							</conditions>
						</line>
						<line number="133" hits="25" branch="false"/>
						<line number="134" hits="25" branch="false"/>
						<line number="137" hits="125" branch="true" condition-coverage="100% (2/2)">
							<conditions>
								<condition number="0" type="jump" coverage="100%"/>
							</conditions>
						</line>
						<line number="138" hits="100" branch="false"/>
						<line number="141" hits="0" branch="false"/>
						<line number="142" hits="0" branch="false"/>
						<line number="144" hits="0" branch="false"/>
						<line number="145" hits="25" branch="true" condition-coverage="50% (1/2)">
							<conditions>
								<condition number="0" type="jump" coverage="50%"/>
							</conditions>
						</line>
						<line number="146" hits="25" branch="false"/>
						<line number="148" hits="0" branch="false"/>
						<line number="149" hits="0" branch="false"/>
						<line number="150" hits="25" branch="false"/>
						<line number="151" hits="0" branch="false"/>
						<line number="153" hits="25" branch="true" condition-coverage="50% (1/2)">
							<conditions>
								<condition number="0" type="jump" coverage="50%"/>
							</conditions>
						</line>
						<line number="154" hits="25" branch="false"/>
						<line number="155" hits="25" branch="false"/>
						<line number="156" hits="125" branch="true" condition-coverage="100% (2/2)">
							<conditions>
								<condition number="0" type="jump" coverage="100%"/>
							</conditions>
						</line>
						<line number="157" hits="100" branch="false"/>
						<line number="159" hits="100" branch="false"/>
						<line number="161" hits="100" branch="false"/>
						<line number="165" hits="25" branch="false"/>
						<line number="172" hits="6" branch="true" condition-coverage="100% (4/4)">
							<conditions>
								<condition number="0" type="jump" coverage="100%"/>
								<condition number="1" type="jump" coverage="100%"/>
							</conditions>
						</line>
						<line number="173" hits="4" branch="false"/>
						<line number="175" hits="2" branch="false"/>
						<line number="180" hits="5" branch="true" condition-coverage="100% (2/2)">
							<conditions>
								<condition number="0" type="jump" coverage="100%"/>
							</conditions>
						</line>
						<line number="181" hits="2" branch="false"/>
						<line number="183" hits="3" branch="false"/>
						<line number="188" hits="4" branch="true" condition-coverage="100% (2/2)">
							<conditions>
								<condition number="0" type="jump" coverage="100%"/>
							</conditions>
						</line>
						<line number="189" hits="1" branch="false"/>
						<line number="191" hits="3" branch="false"/>
						<line number="196" hits="4" branch="true" condition-coverage="100% (2/2)">
							<conditions>
								<condition number="0" type="jump" coverage="100%"/>
							</conditions>
						</line>
						<line number="197" hits="1" branch="false"/>
						<line number="199" hits="3" branch="false"/>
						<line number="204" hits="4" branch="true" condition-coverage="100% (2/2)">
							<conditions>
								<condition number="0" type="jump" coverage="100%"/>
							</conditions>
						</line>
						<line number="206" hits="3" branch="false"/>
						<line number="208" hits="1" branch="false"/>
					</lines>
				</class>
				<class name="com.mycompany.mavenproject1.ListaEstudiante" filename="com/mycompany/mavenproject1/ListaEstudiante.java" line-rate="1.0" branch-rate="1.0" complexity="0.0">
					<methods>
					</methods>
					<lines>
					</lines>
				</class>
				<class name="com.mycompany.mavenproject1.NodoAuxiliar" filename="com/mycompany/mavenproject1/NodoAuxiliar.java" line-rate="1.0" branch-rate="1.0" complexity="1.0">
					<methods>
						<method name="&lt;init&gt;" signature="()V" line-rate="1.0" branch-rate="1.0">
							<lines>
								<line number="12" hits="102" branch="false"/>
							</lines>
						</method>
						<method name="getCodigoPersonal" signature="()I" line-rate="1.0" branch-rate="1.0">
							<lines>
								<line number="24" hits="16" branch="false"/>
							</lines>
						</method>
						<method name="getContrasena" signature="()Ljava/lang/String;" line-rate="1.0" branch-rate="1.0">
							<lines>
								<line number="58" hits="8" branch="false"/>
							</lines>
						</method>
						<method name="getCurso" signature="()Ljava/lang/String;" line-rate="1.0" branch-rate="1.0">
							<lines>
								<line number="42" hits="8" branch="false"/>
							</lines>
						</method>
						<method name="getNombre" signature="()Ljava/lang/String;" line-rate="1.0" branch-rate="1.0">
							<lines>
								<line number="34" hits="8" branch="false"/>
							</lines>
						</method>
						<method name="getSeccion" signature="()C" line-rate="1.0" branch-rate="1.0">
							<lines>
								<line number="50" hits="8" branch="false"/>
							</lines>
						</method>
						<method name="getSiguiente" signature="()Lcom/mycompany/mavenproject1/NodoAuxiliar;" line-rate="1.0" branch-rate="1.0">
							<lines>
								<line number="66" hits="257" branch="false"/>
							</lines>
						</method>
						<method name="setCodigoPersonal" signature="(I)V" line-rate="1.0" branch-rate="1.0">
							<lines>
								<line number="28" hits="102" branch="false"/>
								<line number="29" hits="102" branch="false"/>
							</lines>
						</method>
						<method name="setContrasena" signature="(Ljava/lang/String;)V" line-rate="1.0" branch-rate="1.0">
							<lines>
								<line number="62" hits="102" branch="false"/>
								<line number="63" hits="102" branch="false"/>
							</lines>
						</method>
						<method name="setCurso" signature="(Ljava/lang/String;)V" line-rate="1.0" branch-rate="1.0">
							<lines>
								<line number="46" hits="102" branch="false"/>
								<line number="47" hits="102" branch="false"/>
							</lines>
						</method>
						<method name="setNombre" signature="(Ljava/lang/String;)V" line-rate="1.0" branch-rate="1.0">
							<lines>
								<line number="38" hits="102" branch="false"/>
								<line number="39" hits="102" branch="false"/>
							</lines>
						</method>
						<method name="setSeccion" signature="(C)V" line-rate="1.0" branch-rate="1.0">
							<lines>
								<line number="54" hits="102" branch="false"/>
								<line number="55" hits="102" branch="false"/>
							</lines>
						</method>
						<method name="setSiguiente" signature="(Lcom/mycompany/mavenproject1/NodoAuxiliar;)V" line-rate="1.0" branch-rate="1.0">
							<lines>
								<line number="70" hits="179" branch="false"/>
								<line number="71" hits="179" branch="false"/>
							</lines>
						</method>
					</methods>
					<lines>
						<line number="12" hits="102" branch="false"/>
						<line number="24" hits="16" branch="false"/>
						<line number="28" hits="102" branch="false"/>
						<line number="29" hits="102" branch="false"/>
						<line number="34" hits="8" branch="false"/>
						<line number="38" hits="102" branch="false"/>
						<line number="39" hits="102" branch="false"/>
						<line number="42" hits="8" branch="false"/>
						<line number="46" hits="102" branch="false"/>
						<line number="47" hits="102" branch="false"/>
						<line number="50" hits="8" branch="false"/>
						<line number="54" hits="102" branch="false"/>
						<line number="55" hits="102" branch="false"/>
						<line number="58" hits="8" branch="false"/>
						<line number="62" hits="102" branch="false"/>
						<line number="63" hits="102" branch="false"/>
						<line number="66" hits="257" branch="false"/>
						<line number="70" hits="179" branch="false"/>
						<line number="71" hits="179" branch="false"/>
					</lines>
				</class>
				<class name="com.mycompany.mavenproject1.NodoCurso" filename="com/mycompany/mavenproject1/NodoCurso.java" line-rate="1.0" branch-rate="1.0" complexity="0.0">
					<methods>
					</methods>
					<lines>
					</lines>
				</class>
				<class name="com.mycompany.mavenproject1.NodoEstudiante" filename="com/mycompany/mavenproject1/NodoEstudiante.java" line-rate="1.0" branch-rate="1.0" complexity="0.0">
					<methods>
					</methods>
					<lines>
					</lines>
				</class>
				<class name="com.mycompany.mavenproject1.NodoLaboratorio" filename="com/mycompany/mavenproject1/NodoLaboratorio.java" line-rate="1.0" branch-rate="1.0" complexity="0.0">
					<methods>
					</methods>
					<lines>
					</lines>
				</class>
				<class name="com.mycompany.mavenproject1.NodoProfesor" filename="com/mycompany/mavenproject1/NodoProfesor.java" line-rate="1.0" branch-rate="1.0" complexity="0.0">
					<methods>
					</methods>
					<lines>
					</lines>
				</class>
				<class name="com.mycompany.mavenproject1.NodoSalon" filename="com/mycompany/mavenproject1/NodoSalon.java" line-rate="1.0" branch-rate="1.0" complexity="0.0">
					<methods>
					</methods>
					<lines>
					</lines>
				</class>
			</classes>
		</package>
	</packages>
</coverage>
