<?xml version="1.0" encoding="UTF-8" ?>
<testsuite tests="7" failures="0" name="com.mycompany.mavenproject1.NodoCursoTest" time="0.19" errors="0" skipped="0">
  <properties>
[...]
</properties>
  <testcase classname="com.mycompany.mavenproject1.NodoCursoTest" name="testNotaError" time="0.183"/>
  <testcase classname="com.mycompany.mavenproject1.NodoCursoTest" name="testGetValor" time="0.002"/>
  <testcase classname="com.mycompany.mavenproject1.NodoCursoTest" name="testNotaAfirma" time="0.001"/>
  <testcase classname="com.mycompany.mavenproject1.NodoCursoTest" name="testNota" time="0.001"/>
  <testcase classname="com.mycompany.mavenproject1.NodoCursoTest" name="testGetPrimero" time="0.001"/>
  <testcase classname="com.mycompany.mavenproject1.NodoCursoTest" name="testEliminar" time="0.001"/>
  <testcase classname="com.mycompany.mavenproject1.NodoCursoTest" name="testGetAnterior" time="0.001"/>
</testsuite>