<?xml version="1.0" encoding="UTF-8"?>
<testsuite xmlns:xsi="http://www.w3.org/2001/XMLSchema-instance" xsi:schemaLocation="https://maven.apache.org/surefire/maven-surefire-plugin/xsd/surefire-test-report.xsd" name="com.mycompany.mavenproject1.NodoAuxiliarTest" time="0.001" tests="7" errors="0" skipped="0" failures="0">
  <properties>
[...]
</properties>
  <testcase name="testGetSiguiente" classname="com.mycompany.mavenproject1.NodoAuxiliarTest" time="0"/>
  <testcase name="testGetValor" classname="com.mycompany.mavenproject1.NodoAuxiliarTest" time="0"/>
  <testcase name="testGetPrimero" classname="com.mycompany.mavenproject1.NodoAuxiliarTest" time="0"/>
  <testcase name="testEliminar" classname="com.mycompany.mavenproject1.NodoAuxiliarTest" time="0"/>
  <testcase name="testGetAnterior" classname="com.mycompany.mavenproject1.NodoAuxiliarTest" time="0"/>
  <testcase name="testGetUltimo" classname="com.mycompany.mavenproject1.NodoAuxiliarTest" time="0"/>
  <testcase name="testSetValor" classname="com.mycompany.mavenproject1.NodoAuxiliarTest" time="0"/>
</testsuite>