<?xml version="1.0" encoding="UTF-8"?>
<testsuite xmlns:xsi="http://www.w3.org/2001/XMLSchema-instance" xsi:schemaLocation="https://maven.apache.org/surefire/maven-surefire-plugin/xsd/surefire-test-report.xsd" name="com.mycompany.mavenproject1.NodoLaboratorioTest" time="0.011" tests="5" errors="5" skipped="0" failures="0">
  <properties>
[...]
</properties>
  <testcase name="NodoEstudiante_testmockSetEdadEstudiante" classname="com.mycompany.mavenproject1.NodoLaboratorioTest" time="0.005">
    <error message="Expecting a stackmap frame at branch target 44&#10;Exception Details:&#10;  Location:&#10;    com/mycompany/mavenproject1/NodoLaboratorio.setCapacidadSalon(Lcom/mycompany/mavenproject1/NodoSalon;)V @26: ifeq&#10;  Reason:&#10;    Expected stackmap frame at this location.&#10;  Bytecode:&#10;    0000000: 033d 11ff ff3e 1212 1100 33b8 0018 2bb6&#10;    0000010: 0032 1100 333d 1100 003e 9900 1212 121c&#10;    0000020: 1d04 b800 3611 ffff 3ea7 0025 1d9b 000f&#10;    0000030: 1212 1c1d 03b8 0036 11ff ff3e 1212 1100&#10;    0000040: 37b8 0018 bb00 3859 123a b700 3dbf 1212&#10;    0000050: 1100 39b8 0018 b1                      &#10;  Stackmap Table:&#10;    same_frame_extended(@68)&#10;    same_frame(@86)&#10;" type="java.lang.VerifyError">java.lang.VerifyError: 
Expecting a stackmap frame at branch target 44
Exception Details:
  Location:
    com/mycompany/mavenproject1/NodoLaboratorio.setCapacidadSalon(Lcom/mycompany/mavenproject1/NodoSalon;)V @26: ifeq
  Reason:
    Expected stackmap frame at this location.
  Bytecode:
    0000000: 033d 11ff ff3e 1212 1100 33b8 0018 2bb6
    0000010: 0032 1100 333d 1100 003e 9900 1212 121c
    0000020: 1d04 b800 3611 ffff 3ea7 0025 1d9b 000f
    0000030: 1212 1c1d 03b8 0036 11ff ff3e 1212 1100
    0000040: 37b8 0018 bb00 3859 123a b700 3dbf 1212
    0000050: 1100 39b8 0018 b1                      
  Stackmap Table:
    same_frame_extended(@68)
    same_frame(@86)

	at com.mycompany.mavenproject1.NodoLaboratorioTest.setUp(NodoLaboratorioTest.java:53)
</error>
  </testcase>
  <testcase name="NodoCurso_testmockSetCapacidadCurso" classname="com.mycompany.mavenproject1.NodoLaboratorioTest" time="0">
    <error message="Expecting a stackmap frame at branch target 44&#10;Exception Details:&#10;  Location:&#10;    com/mycompany/mavenproject1/NodoLaboratorio.setCapacidadSalon(Lcom/mycompany/mavenproject1/NodoSalon;)V @26: ifeq&#10;  Reason:&#10;    Expected stackmap frame at this location.&#10;  Bytecode:&#10;    0000000: 033d 11ff ff3e 1212 1100 33b8 0018 2bb6&#10;    0000010: 0032 1100 333d 1100 003e 9900 1212 121c&#10;    0000020: 1d04 b800 3611 ffff 3ea7 0025 1d9b 000f&#10;    0000030: 1212 1c1d 03b8 0036 11ff ff3e 1212 1100&#10;    0000040: 37b8 0018 bb00 3859 123a b700 3dbf 1212&#10;    0000050: 1100 39b8 0018 b1                      &#10;  Stackmap Table:&#10;    same_frame_extended(@68)&#10;    same_frame(@86)&#10;" type="java.lang.VerifyError">java.lang.VerifyError: 
Expecting a stackmap frame at branch target 44
Exception Details:
  Location:
    com/mycompany/mavenproject1/NodoLaboratorio.setCapacidadSalon(Lcom/mycompany/mavenproject1/NodoSalon;)V @26: ifeq
  Reason:
    Expected stackmap frame at this location.
  Bytecode:
    0000000: 033d 11ff ff3e 1212 1100 33b8 0018 2bb6
    0000010: 0032 1100 333d 1100 003e 9900 1212 121c
    0000020: 1d04 b800 3611 ffff 3ea7 0025 1d9b 000f
    0000030: 1212 1c1d 03b8 0036 11ff ff3e 1212 1100
    0000040: 37b8 0018 bb00 3859 123a b700 3dbf 1212
    0000050: 1100 39b8 0018 b1                      
  Stackmap Table:
    same_frame_extended(@68)
    same_frame(@86)

	at com.mycompany.mavenproject1.NodoLaboratorioTest.setUp(NodoLaboratorioTest.java:53)
</error>
  </testcase>
  <testcase name="NodoAuxiliar_testmockSetEdadAuxiliar" classname="com.mycompany.mavenproject1.NodoLaboratorioTest" time="0.001">
    <error message="Expecting a stackmap frame at branch target 44&#10;Exception Details:&#10;  Location:&#10;    com/mycompany/mavenproject1/NodoLaboratorio.setCapacidadSalon(Lcom/mycompany/mavenproject1/NodoSalon;)V @26: ifeq&#10;  Reason:&#10;    Expected stackmap frame at this location.&#10;  Bytecode:&#10;    0000000: 033d 11ff ff3e 1212 1100 33b8 0018 2bb6&#10;    0000010: 0032 1100 333d 1100 003e 9900 1212 121c&#10;    0000020: 1d04 b800 3611 ffff 3ea7 0025 1d9b 000f&#10;    0000030: 1212 1c1d 03b8 0036 11ff ff3e 1212 1100&#10;    0000040: 37b8 0018 bb00 3859 123a b700 3dbf 1212&#10;    0000050: 1100 39b8 0018 b1                      &#10;  Stackmap Table:&#10;    same_frame_extended(@68)&#10;    same_frame(@86)&#10;" type="java.lang.VerifyError">java.lang.VerifyError: 
Expecting a stackmap frame at branch target 44
Exception Details:
  Location:
    com/mycompany/mavenproject1/NodoLaboratorio.setCapacidadSalon(Lcom/mycompany/mavenproject1/NodoSalon;)V @26: ifeq
  Reason:
    Expected stackmap frame at this location.
  Bytecode:
    0000000: 033d 11ff ff3e 1212 1100 33b8 0018 2bb6
    0000010: 0032 1100 333d 1100 003e 9900 1212 121c
    0000020: 1d04 b800 3611 ffff 3ea7 0025 1d9b 000f
    0000030: 1212 1c1d 03b8 0036 11ff ff3e 1212 1100
    0000040: 37b8 0018 bb00 3859 123a b700 3dbf 1212
    0000050: 1100 39b8 0018 b1                      
  Stackmap Table:
    same_frame_extended(@68)
    same_frame(@86)

	at com.mycompany.mavenproject1.NodoLaboratorioTest.setUp(NodoLaboratorioTest.java:53)
</error>
  </testcase>
  <testcase name="NodoSalon_testmockSetCapacidadSalon" classname="com.mycompany.mavenproject1.NodoLaboratorioTest" time="0.001">
    <error message="Expecting a stackmap frame at branch target 44&#10;Exception Details:&#10;  Location:&#10;    com/mycompany/mavenproject1/NodoLaboratorio.setCapacidadSalon(Lcom/mycompany/mavenproject1/NodoSalon;)V @26: ifeq&#10;  Reason:&#10;    Expected stackmap frame at this location.&#10;  Bytecode:&#10;    0000000: 033d 11ff ff3e 1212 1100 33b8 0018 2bb6&#10;    0000010: 0032 1100 333d 1100 003e 9900 1212 121c&#10;    0000020: 1d04 b800 3611 ffff 3ea7 0025 1d9b 000f&#10;    0000030: 1212 1c1d 03b8 0036 11ff ff3e 1212 1100&#10;    0000040: 37b8 0018 bb00 3859 123a b700 3dbf 1212&#10;    0000050: 1100 39b8 0018 b1                      &#10;  Stackmap Table:&#10;    same_frame_extended(@68)&#10;    same_frame(@86)&#10;" type="java.lang.VerifyError">java.lang.VerifyError: 
Expecting a stackmap frame at branch target 44
Exception Details:
  Location:
    com/mycompany/mavenproject1/NodoLaboratorio.setCapacidadSalon(Lcom/mycompany/mavenproject1/NodoSalon;)V @26: ifeq
  Reason:
    Expected stackmap frame at this location.
  Bytecode:
    0000000: 033d 11ff ff3e 1212 1100 33b8 0018 2bb6
    0000010: 0032 1100 333d 1100 003e 9900 1212 121c
    0000020: 1d04 b800 3611 ffff 3ea7 0025 1d9b 000f
    0000030: 1212 1c1d 03b8 0036 11ff ff3e 1212 1100
    0000040: 37b8 0018 bb00 3859 123a b700 3dbf 1212
    0000050: 1100 39b8 0018 b1                      
  Stackmap Table:
    same_frame_extended(@68)
    same_frame(@86)

	at com.mycompany.mavenproject1.NodoLaboratorioTest.setUp(NodoLaboratorioTest.java:53)
</error>
  </testcase>
  <testcase name="NodoProfesor_testmockSetEdadProfesor" classname="com.mycompany.mavenproject1.NodoLaboratorioTest" time="0.001">
    <error message="Expecting a stackmap frame at branch target 44&#10;Exception Details:&#10;  Location:&#10;    com/mycompany/mavenproject1/NodoLaboratorio.setCapacidadSalon(Lcom/mycompany/mavenproject1/NodoSalon;)V @26: ifeq&#10;  Reason:&#10;    Expected stackmap frame at this location.&#10;  Bytecode:&#10;    0000000: 033d 11ff ff3e 1212 1100 33b8 0018 2bb6&#10;    0000010: 0032 1100 333d 1100 003e 9900 1212 121c&#10;    0000020: 1d04 b800 3611 ffff 3ea7 0025 1d9b 000f&#10;    0000030: 1212 1c1d 03b8 0036 11ff ff3e 1212 1100&#10;    0000040: 37b8 0018 bb00 3859 123a b700 3dbf 1212&#10;    0000050: 1100 39b8 0018 b1                      &#10;  Stackmap Table:&#10;    same_frame_extended(@68)&#10;    same_frame(@86)&#10;" type="java.lang.VerifyError">java.lang.VerifyError: 
Expecting a stackmap frame at branch target 44
Exception Details:
  Location:
    com/mycompany/mavenproject1/NodoLaboratorio.setCapacidadSalon(Lcom/mycompany/mavenproject1/NodoSalon;)V @26: ifeq
  Reason:
    Expected stackmap frame at this location.
  Bytecode:
    0000000: 033d 11ff ff3e 1212 1100 33b8 0018 2bb6
    0000010: 0032 1100 333d 1100 003e 9900 1212 121c
    0000020: 1d04 b800 3611 ffff 3ea7 0025 1d9b 000f
    0000030: 1212 1c1d 03b8 0036 11ff ff3e 1212 1100
    0000040: 37b8 0018 bb00 3859 123a b700 3dbf 1212
    0000050: 1100 39b8 0018 b1                      
  Stackmap Table:
    same_frame_extended(@68)
    same_frame(@86)

	at com.mycompany.mavenproject1.NodoLaboratorioTest.setUp(NodoLaboratorioTest.java:53)
</error>
  </testcase>
</testsuite>